[    5380ms] [VERBOSE] [DOM] Password field is not contained in a form: (More info: https://goo.gl/9p2vKq) %o @ https://accounts.google.com/v3/signin/identifier?continue=https://accounts.google.com/signin/chrome/sync/finish?est%3DABaQcjbknQzpz8ihy0lawD5GWU2r6QB2CfjTqQHSerrPatshpTDRJSXxDM1xOeuQz9-JvyNacvtE2qckFk8XsGU%26continue%3Dhttps://www.google.com/&ssp=1&theme=mn&flowName=GlifDesktopChromeSync&dsh=S-989147546:1778814660582637:0
[    5416ms] [LOG] %c%s color: red; background: yellow; font-size: 24px; 警告！ @ https://www.gstatic.com/_/mss/boq-identity/_/js/k=boq-identity.AccountsSignInUi.zh_CN.5OcUpkjd0ws.es5.O/am=iW8AAACEQhQhA4D___8DAAggiA74ngVoAoQOAAAAAAAAAABYAgAAjQ/d=1/excm=_b,_tp,identifierview/ed=1/dg=0/wt=2/ujg=1/rs=AOaEmlFLezXwwoEZ1jADyMCbfMDxjzA3gg/dti=1/m=_b,_tp:545
[    5417ms] [LOG] %c%s font-size: 18px; 使用此控制台可能会导致攻击程序利用 Self-XSS 攻击冒充您并窃取您的信息。
请勿输入或粘贴您不明白的代码。 @ https://www.gstatic.com/_/mss/boq-identity/_/js/k=boq-identity.AccountsSignInUi.zh_CN.5OcUpkjd0ws.es5.O/am=iW8AAACEQhQhA4D___8DAAggiA74ngVoAoQOAAAAAAAAAABYAgAAjQ/d=1/excm=_b,_tp,identifierview/ed=1/dg=0/wt=2/ujg=1/rs=AOaEmlFLezXwwoEZ1jADyMCbfMDxjzA3gg/dti=1/m=_b,_tp:545
[   13932ms] [WARNING] Blocked aria-hidden on an element because its descendant retained focus. The focus must not be hidden from assistive technology users. Avoid using aria-hidden on a focused element or its ancestor. Consider using the inert attribute instead, which will also prevent focus. For more details, see the aria-hidden section of the WAI-ARIA specification at https://w3c.github.io/aria/#aria-hidden.
Element with focus: <div.sZwd7c B6Vhqe>
Ancestor with aria-hidden: <div.TdwKnf> @ https://accounts.google.com/v3/signin/identifier?continue=https://accounts.google.com/signin/chrome/sync/finish?est%3DABaQcjbknQzpz8ihy0lawD5GWU2r6QB2CfjTqQHSerrPatshpTDRJSXxDM1xOeuQz9-JvyNacvtE2qckFk8XsGU%26continue%3Dhttps://www.google.com/&ssp=1&theme=mn&flowName=GlifDesktopChromeSync&dsh=S-989147546:1778814660582637:0
[   52170ms] [WARNING] Deprecated API for given entry type. @ https://mail.google.com/_/scs/mail-static/_/js/k=gmail.main.zh_CN.55axTJa50tU.es5.OL/am=oAIAAAAgJP5UAMCH__fwwwYQOPBfHvz5-sBf64L5_zcMgX-ChwCm0mMAPQCZrBVS8O7_t5tPCwC83YfLcD7-kACAAFtHt-3DQ6yu0vDN-gIAADB1Jk4zAQAAAAAAAAAAAAAAAAAAACwjG5kUGA/d=1/exm=b/ed=1/im=1/dg=0/br=1/wt=1/rs=AHGWq9BWPh6D-FXozVcEPLGW9qMPrn_cvQ/cb=loaded_1/m=a?cb=c0df830f:2618
[   53301ms] [ERROR] Failed to load resource: the server responded with a status of 403 () @ https://mail.google.com/mail/u/0/?ui=2&ik=8284748979&jsver=55axTJa50tU.zh_CN.L.es5&cbl=gmail.pinto-server_20260512.02_p1&rid=mail%3Ai.b464.1.0&view=up&act=oetsha&_reqid=147509&at&nsc=1&mb=0&rt=j:0
[   58680ms] [ERROR] Framing 'https://accounts.google.com/' violates the following Content Security Policy directive: "frame-ancestors https://studio.workspace.google.com". The request has been blocked.
 @ :0
[   62499ms] [ERROR] Framing 'https://ogs.google.com/' violates the following Content Security Policy directive: "frame-ancestors https://studio.workspace.google.com". The request has been blocked.
 @ :0
[ 2294388ms] [ERROR] Failed to load resource: net::ERR_QUIC_PROTOCOL_ERROR.QUIC_PACKET_WRITE_ERROR @ https://signaler-pa.clients6.google.com/punctual/multi-watch/channel?VER=8&gsessionid=UF9-Ni9n3IOwsJ8Xt7EZqw6JwEGhQMTYg9Er787Dweg&key=AIzaSyCIMH2ks6VPAfRC2lqU_Snz1Lo76XGdnlc&RID=rpc&SID=R2ptY9nJL56tcjPiOrEv3w&AID=55&CI=0&TYPE=xmlhttp&zx=a65v2xkv7maw&t=1:0
[ 2294401ms] [ERROR] Failed to load resource: net::ERR_INTERNET_DISCONNECTED @ https://ssl.gstatic.com/ui/v1/icons/mail/images/cleardot.gif?zx=6fedmxvahqqe:0
[ 2300403ms] [ERROR] Failed to load resource: net::ERR_INTERNET_DISCONNECTED @ https://signaler-pa.clients6.google.com/punctual/multi-watch/channel?VER=8&gsessionid=UF9-Ni9n3IOwsJ8Xt7EZqw6JwEGhQMTYg9Er787Dweg&key=AIzaSyCIMH2ks6VPAfRC2lqU_Snz1Lo76XGdnlc&RID=rpc&SID=R2ptY9nJL56tcjPiOrEv3w&AID=58&CI=0&TYPE=xmlhttp&zx=y8u6wh8z3s9r&t=2:0
[ 5291606ms] [ERROR] Failed to load resource: net::ERR_INTERNET_DISCONNECTED @ https://play.google.com/log?format=json&hasfast=true&authuser=0:0
[ 5291681ms] [ERROR] Failed to load resource: net::ERR_INTERNET_DISCONNECTED @ https://ssl.gstatic.com/ui/v1/icons/mail/images/cleardot.gif?zx=ufh87mxdl1sh:0
[ 5579877ms] [ERROR] Failed to load resource: net::ERR_QUIC_PROTOCOL_ERROR.QUIC_PACKET_WRITE_ERROR @ https://signaler-pa.clients6.google.com/punctual/multi-watch/channel?VER=8&gsessionid=0nuLrKhMxCRnHNcVhs45324N6G5mXLstP7hlZ-NqwcA&key=AIzaSyCIMH2ks6VPAfRC2lqU_Snz1Lo76XGdnlc&RID=rpc&SID=K0CcCCBabXOb6qkZ0GlOCg&AID=42&CI=0&TYPE=xmlhttp&zx=np1c6hb4bmrg&t=1:0
[ 5581456ms] [ERROR] Failed to load resource: net::ERR_INTERNET_DISCONNECTED @ https://signaler-pa.clients6.google.com/punctual/multi-watch/channel?VER=8&gsessionid=0nuLrKhMxCRnHNcVhs45324N6G5mXLstP7hlZ-NqwcA&key=AIzaSyCIMH2ks6VPAfRC2lqU_Snz1Lo76XGdnlc&RID=rpc&SID=K0CcCCBabXOb6qkZ0GlOCg&AID=46&CI=0&TYPE=xmlhttp&zx=j16od4ubyjp7&t=2:0
[ 5590029ms] [ERROR] Failed to load resource: the server responded with a status of 400 () @ https://signaler-pa.clients6.google.com/punctual/multi-watch/channel?VER=8&gsessionid=0nuLrKhMxCRnHNcVhs45324N6G5mXLstP7hlZ-NqwcA&key=AIzaSyCIMH2ks6VPAfRC2lqU_Snz1Lo76XGdnlc&RID=rpc&SID=K0CcCCBabXOb6qkZ0GlOCg&AID=46&CI=0&TYPE=xmlhttp&zx=tw7m0o1d9l3c&t=3:0
[ 8716855ms] [ERROR] Failed to load resource: net::ERR_INTERNET_DISCONNECTED @ https://ssl.gstatic.com/ui/v1/icons/mail/images/cleardot.gif?zx=qxnsdddyelq:0
[ 9685733ms] [ERROR] Failed to load resource: net::ERR_QUIC_PROTOCOL_ERROR.QUIC_PACKET_WRITE_ERROR @ https://signaler-pa.clients6.google.com/punctual/multi-watch/channel?VER=8&gsessionid=OiGkpuX6SDJXWhJ6Xi_rNsnolskj2bJA72sqtArcBWs&key=AIzaSyCIMH2ks6VPAfRC2lqU_Snz1Lo76XGdnlc&RID=rpc&SID=be2nxygazRXQ9yQNOCK9KA&AID=43&CI=0&TYPE=xmlhttp&zx=1lwt47ub6se5&t=1:0
[ 9685768ms] [ERROR] Failed to load resource: net::ERR_INTERNET_DISCONNECTED @ https://signaler-pa.clients6.google.com/punctual/multi-watch/channel?VER=8&gsessionid=OiGkpuX6SDJXWhJ6Xi_rNsnolskj2bJA72sqtArcBWs&key=AIzaSyCIMH2ks6VPAfRC2lqU_Snz1Lo76XGdnlc&RID=rpc&SID=be2nxygazRXQ9yQNOCK9KA&AID=53&CI=0&TYPE=xmlhttp&zx=796iyo8og7x2&t=2:0
[ 9686100ms] [ERROR] Failed to load resource: net::ERR_INTERNET_DISCONNECTED @ https://waa-pa.clients6.google.com/$rpc/google.internal.waa.v1.Waa/Ping:0
[ 9686100ms] [ERROR] Failed to load resource: net::ERR_INTERNET_DISCONNECTED @ https://play.google.com/log?format=json&hasfast=true&authuser=0:0
[ 9686101ms] [ERROR] Failed to load resource: net::ERR_INTERNET_DISCONNECTED @ https://play.google.com/log?hasfast=true&auth=SAPISIDHASH+b87bf7d3d16062009c64a7a4d769008ab5131ac9+SAPISID1PHASH+b87bf7d3d16062009c64a7a4d769008ab5131ac9+SAPISID3PHASH+b87bf7d3d16062009c64a7a4d769008ab5131ac9&authuser=0&format=json:0
[ 9687109ms] [ERROR] Failed to load resource: net::ERR_INTERNET_DISCONNECTED @ https://waa-pa.googleapis.com/$rpc/google.internal.waa.v1.Waa/Ping:0
[10357204ms] [ERROR] Failed to load resource: net::ERR_INTERNET_DISCONNECTED @ https://ssl.gstatic.com/ui/v1/icons/mail/images/cleardot.gif?zx=qn8e8vekm1zd:0
[10357206ms] [ERROR] Failed to load resource: net::ERR_INTERNET_DISCONNECTED @ https://play.google.com/log?format=json&hasfast=true&authuser=0:0
[10359556ms] [ERROR] Failed to load resource: net::ERR_INTERNET_DISCONNECTED @ https://signaler-pa.clients6.google.com/punctual/multi-watch/channel?VER=8&gsessionid=OiGkpuX6SDJXWhJ6Xi_rNsnolskj2bJA72sqtArcBWs&key=AIzaSyCIMH2ks6VPAfRC2lqU_Snz1Lo76XGdnlc&RID=rpc&SID=be2nxygazRXQ9yQNOCK9KA&AID=53&CI=0&TYPE=xmlhttp&zx=mpt1ycwzo0wd&t=3:0
[10388980ms] [ERROR] Failed to load resource: the server responded with a status of 400 () @ https://signaler-pa.clients6.google.com/punctual/multi-watch/channel?VER=8&gsessionid=OiGkpuX6SDJXWhJ6Xi_rNsnolskj2bJA72sqtArcBWs&key=AIzaSyCIMH2ks6VPAfRC2lqU_Snz1Lo76XGdnlc&RID=rpc&SID=be2nxygazRXQ9yQNOCK9KA&AID=53&CI=0&TYPE=xmlhttp&zx=18bspc7lo1if&t=4:0
[11337357ms] [ERROR] Failed to load resource: net::ERR_QUIC_PROTOCOL_ERROR.QUIC_PUBLIC_RESET @ https://signaler-pa.clients6.google.com/punctual/multi-watch/channel?VER=8&gsessionid=M8_LMejCbLhu2tkN3no9CB6XFH17wj7dtH4QCNCvysY&key=AIzaSyCIMH2ks6VPAfRC2lqU_Snz1Lo76XGdnlc&RID=rpc&SID=3HtYJruQrbI9B3qYULdtkQ&AID=0&CI=0&TYPE=xmlhttp&zx=wtok7jgjq8sc&t=1:0
[11338252ms] [ERROR] Failed to load resource: the server responded with a status of 400 () @ https://signaler-pa.clients6.google.com/punctual/multi-watch/channel?VER=8&gsessionid=M8_LMejCbLhu2tkN3no9CB6XFH17wj7dtH4QCNCvysY&key=AIzaSyCIMH2ks6VPAfRC2lqU_Snz1Lo76XGdnlc&RID=rpc&SID=3HtYJruQrbI9B3qYULdtkQ&AID=7&CI=0&TYPE=xmlhttp&zx=oziwv8t0te4w&t=2:0
[12266198ms] [ERROR] Failed to load resource: the server responded with a status of 400 () @ https://signaler-pa.clients6.google.com/punctual/multi-watch/channel?VER=8&gsessionid=r7Jwv6bP63MDIZQOphX6Fmk3_WznmMjGyaC5spHKC7Y&key=AIzaSyCIMH2ks6VPAfRC2lqU_Snz1Lo76XGdnlc&RID=rpc&SID=UPLbljZItrWgNHFiGK07tg&AID=0&CI=1&TYPE=xmlhttp&zx=y0kapyuyd51x&t=1:0
[15224115ms] [ERROR] Failed to load resource: the server responded with a status of 400 () @ https://signaler-pa.clients6.google.com/punctual/multi-watch/channel?VER=8&gsessionid=qdHnaAfU8GA0Rh7nFctWCK5tjnWmwxwir4LsGvofj8o&key=AIzaSyCIMH2ks6VPAfRC2lqU_Snz1Lo76XGdnlc&RID=rpc&SID=4WnehURW9iBhL7VQ9cEJCw&AID=9&CI=0&TYPE=xmlhttp&zx=dgwntn44faxq&t=2:0
[18578551ms] [ERROR] Failed to load resource: net::ERR_TIMED_OUT @ https://signaler-pa.clients6.google.com/punctual/multi-watch/channel?VER=8&gsessionid=ueULmCd0Kag_kFEKp32N1TF8u-uitIKlbPJN_RH0w7c&key=AIzaSyCIMH2ks6VPAfRC2lqU_Snz1Lo76XGdnlc&RID=rpc&SID=ykMElWQV9FfaR2OhNtEQcQ&AID=0&CI=0&TYPE=xmlhttp&zx=aru7qcc4uzv1&t=1:0
[18579615ms] [ERROR] Failed to load resource: the server responded with a status of 400 () @ https://signaler-pa.clients6.google.com/punctual/multi-watch/channel?VER=8&gsessionid=ueULmCd0Kag_kFEKp32N1TF8u-uitIKlbPJN_RH0w7c&key=AIzaSyCIMH2ks6VPAfRC2lqU_Snz1Lo76XGdnlc&RID=rpc&SID=ykMElWQV9FfaR2OhNtEQcQ&AID=4&CI=0&TYPE=xmlhttp&zx=tm3oy3fh3y5c&t=2:0
[19656779ms] [ERROR] Failed to load resource: net::ERR_CONNECTION_RESET @ https://signaler-pa.clients6.google.com/punctual/multi-watch/channel?VER=8&gsessionid=behzCcinXPvRIH4z3fX5sHkdLe9cv-OEb_1IhiAwo5I&key=AIzaSyCIMH2ks6VPAfRC2lqU_Snz1Lo76XGdnlc&RID=rpc&SID=6IzobIT9WFZux1UqME5qPw&AID=0&CI=0&TYPE=xmlhttp&zx=jrgyjpu1q05o&t=1:0
[19658695ms] [ERROR] Failed to load resource: the server responded with a status of 400 () @ https://signaler-pa.clients6.google.com/punctual/multi-watch/channel?VER=8&gsessionid=behzCcinXPvRIH4z3fX5sHkdLe9cv-OEb_1IhiAwo5I&key=AIzaSyCIMH2ks6VPAfRC2lqU_Snz1Lo76XGdnlc&RID=rpc&SID=6IzobIT9WFZux1UqME5qPw&AID=5&CI=0&TYPE=xmlhttp&zx=vsfnkgec5r3j&t=2:0
[21279954ms] [ERROR] Failed to load resource: net::ERR_CONNECTION_RESET @ https://signaler-pa.clients6.google.com/punctual/multi-watch/channel?VER=8&gsessionid=rBzQCne_8vpJl_BoJy-VFFMndkbqEqdnO8g3Mr94108&key=AIzaSyCIMH2ks6VPAfRC2lqU_Snz1Lo76XGdnlc&RID=rpc&SID=iYgUp6d-ULThjkYteIWXzA&AID=0&CI=0&TYPE=xmlhttp&zx=3pcq9m1ys8t9&t=1:0
[21280615ms] [ERROR] Failed to load resource: the server responded with a status of 400 () @ https://signaler-pa.clients6.google.com/punctual/multi-watch/channel?VER=8&gsessionid=rBzQCne_8vpJl_BoJy-VFFMndkbqEqdnO8g3Mr94108&key=AIzaSyCIMH2ks6VPAfRC2lqU_Snz1Lo76XGdnlc&RID=rpc&SID=iYgUp6d-ULThjkYteIWXzA&AID=7&CI=0&TYPE=xmlhttp&zx=yj2zchh2nrs5&t=2:0
[22246189ms] [ERROR] Failed to load resource: net::ERR_CONNECTION_RESET @ https://signaler-pa.clients6.google.com/punctual/multi-watch/channel?VER=8&gsessionid=7g4rGfuAUBWYtyhq6DQqphVqFU35KPH6VkXBwVMofig&key=AIzaSyCIMH2ks6VPAfRC2lqU_Snz1Lo76XGdnlc&RID=rpc&SID=2GUm9cd46kF0ouLBbFcGFw&AID=0&CI=0&TYPE=xmlhttp&zx=bngdnrtznwus&t=1:0
[22247236ms] [ERROR] Failed to load resource: the server responded with a status of 400 () @ https://signaler-pa.clients6.google.com/punctual/multi-watch/channel?VER=8&gsessionid=7g4rGfuAUBWYtyhq6DQqphVqFU35KPH6VkXBwVMofig&key=AIzaSyCIMH2ks6VPAfRC2lqU_Snz1Lo76XGdnlc&RID=rpc&SID=2GUm9cd46kF0ouLBbFcGFw&AID=12&CI=0&TYPE=xmlhttp&zx=ye2i84qyxbie&t=2:0
[23174078ms] [ERROR] Failed to load resource: net::ERR_QUIC_PROTOCOL_ERROR.QUIC_PUBLIC_RESET @ https://signaler-pa.clients6.google.com/punctual/multi-watch/channel?VER=8&gsessionid=BG0snGyhVENpTx5jsFd33cdmuVV8hCavsAxlh4SHP10&key=AIzaSyCIMH2ks6VPAfRC2lqU_Snz1Lo76XGdnlc&RID=rpc&SID=PZo_lwUBBk9VLUQzuMXVbA&AID=0&CI=0&TYPE=xmlhttp&zx=kft4cmf05k1y&t=1:0
[23174995ms] [ERROR] Failed to load resource: the server responded with a status of 400 () @ https://signaler-pa.clients6.google.com/punctual/multi-watch/channel?VER=8&gsessionid=BG0snGyhVENpTx5jsFd33cdmuVV8hCavsAxlh4SHP10&key=AIzaSyCIMH2ks6VPAfRC2lqU_Snz1Lo76XGdnlc&RID=rpc&SID=PZo_lwUBBk9VLUQzuMXVbA&AID=7&CI=0&TYPE=xmlhttp&zx=u3zrn9o9sbv0&t=2:0
[25764006ms] [ERROR] Failed to load resource: net::ERR_QUIC_PROTOCOL_ERROR.QUIC_PUBLIC_RESET @ https://signaler-pa.clients6.google.com/punctual/multi-watch/channel?VER=8&gsessionid=i7iQ2DD8qX5-E6_U8ytUsukbQfXupftukExY_WFPqOc&key=AIzaSyCIMH2ks6VPAfRC2lqU_Snz1Lo76XGdnlc&RID=rpc&SID=yMEqUiLgNOia_fLFrHBLfw&AID=0&CI=0&TYPE=xmlhttp&zx=71e8buv8j4nb&t=1:0
[25764867ms] [ERROR] Failed to load resource: the server responded with a status of 400 () @ https://signaler-pa.clients6.google.com/punctual/multi-watch/channel?VER=8&gsessionid=i7iQ2DD8qX5-E6_U8ytUsukbQfXupftukExY_WFPqOc&key=AIzaSyCIMH2ks6VPAfRC2lqU_Snz1Lo76XGdnlc&RID=rpc&SID=yMEqUiLgNOia_fLFrHBLfw&AID=7&CI=0&TYPE=xmlhttp&zx=sn2jejfdhwyq&t=2:0
[25888296ms] [ERROR] Failed to load resource: net::ERR_QUIC_PROTOCOL_ERROR.QUIC_TOO_MANY_RTOS @ https://signaler-pa.clients6.google.com/punctual/multi-watch/channel?VER=8&gsessionid=9xDPfKQ47cNdS1Ed3fAu8KZ80sRhsAGnv6Nt3iIBZ1w&key=AIzaSyCIMH2ks6VPAfRC2lqU_Snz1Lo76XGdnlc&RID=rpc&SID=f6qDBuAHEnI9a9S-VConBg&AID=0&CI=0&TYPE=xmlhttp&zx=pukt7fjubtjn&t=1:0
[26933271ms] [ERROR] Failed to load resource: net::ERR_QUIC_PROTOCOL_ERROR.QUIC_PUBLIC_RESET @ https://signaler-pa.clients6.google.com/punctual/multi-watch/channel?VER=8&gsessionid=9xDPfKQ47cNdS1Ed3fAu8KZ80sRhsAGnv6Nt3iIBZ1w&key=AIzaSyCIMH2ks6VPAfRC2lqU_Snz1Lo76XGdnlc&RID=rpc&SID=f6qDBuAHEnI9a9S-VConBg&AID=9&CI=0&TYPE=xmlhttp&zx=24nzlyrl8ls3&t=2:0
[26934434ms] [ERROR] Failed to load resource: the server responded with a status of 400 () @ https://signaler-pa.clients6.google.com/punctual/multi-watch/channel?VER=8&gsessionid=9xDPfKQ47cNdS1Ed3fAu8KZ80sRhsAGnv6Nt3iIBZ1w&key=AIzaSyCIMH2ks6VPAfRC2lqU_Snz1Lo76XGdnlc&RID=rpc&SID=f6qDBuAHEnI9a9S-VConBg&AID=16&CI=0&TYPE=xmlhttp&zx=l35s0bwoom2&t=3:0
[27841860ms] [ERROR] Failed to load resource: the server responded with a status of 400 () @ https://signaler-pa.clients6.google.com/punctual/multi-watch/channel?VER=8&gsessionid=MkMErcJhAbUFcXH8BRfkq-AvDmusnkAJLyQtLN3sh0o&key=AIzaSyCIMH2ks6VPAfRC2lqU_Snz1Lo76XGdnlc&RID=rpc&SID=7ehkJWykYgObiI3f9p6B9Q&AID=0&CI=1&TYPE=xmlhttp&zx=htcpil6xbdy8&t=1:0
[28836452ms] [ERROR] Failed to load resource: net::ERR_CONNECTION_RESET @ https://signaler-pa.clients6.google.com/punctual/multi-watch/channel?VER=8&gsessionid=DTGjgnsTahGdrElqAPXougWM-viCDTB3HH1w2fhpd98&key=AIzaSyCIMH2ks6VPAfRC2lqU_Snz1Lo76XGdnlc&RID=rpc&SID=U5D9wQ47o1rG5KHy2INCMg&AID=0&CI=0&TYPE=xmlhttp&zx=qori8t55warw&t=1:0
[28837706ms] [ERROR] Failed to load resource: the server responded with a status of 400 () @ https://signaler-pa.clients6.google.com/punctual/multi-watch/channel?VER=8&gsessionid=DTGjgnsTahGdrElqAPXougWM-viCDTB3HH1w2fhpd98&key=AIzaSyCIMH2ks6VPAfRC2lqU_Snz1Lo76XGdnlc&SID=U5D9wQ47o1rG5KHy2INCMg&RID=49842&AID=4&zx=6wq06l2zmexo&t=1:0
[29538151ms] [ERROR] Failed to load resource: the server responded with a status of 400 () @ https://signaler-pa.clients6.google.com/punctual/multi-watch/channel?VER=8&gsessionid=06xSQs8DLa9IYlcRGnEqHb3yc6eUaTdX6ZbapkCwTHw&key=AIzaSyCIMH2ks6VPAfRC2lqU_Snz1Lo76XGdnlc&RID=rpc&SID=ifA9J9aJ8Th8jEUls6DtCg&AID=0&CI=0&TYPE=xmlhttp&zx=21nftfp4j60&t=1:0
[33215692ms] [ERROR] Failed to load resource: net::ERR_HTTP2_PING_FAILED @ https://signaler-pa.clients6.google.com/punctual/multi-watch/channel?VER=8&gsessionid=_Mq6TsaRlN-wl_xV98u5Arjfq52274ykHFw_T-s6x7k&key=AIzaSyCIMH2ks6VPAfRC2lqU_Snz1Lo76XGdnlc&RID=rpc&SID=_qd4qtA1_Er2RM7lt7LZCA&AID=0&CI=0&TYPE=xmlhttp&zx=ksq5ibc5qgw8&t=1:0
[33216393ms] [ERROR] Failed to load resource: the server responded with a status of 400 () @ https://signaler-pa.clients6.google.com/punctual/multi-watch/channel?VER=8&gsessionid=_Mq6TsaRlN-wl_xV98u5Arjfq52274ykHFw_T-s6x7k&key=AIzaSyCIMH2ks6VPAfRC2lqU_Snz1Lo76XGdnlc&RID=rpc&SID=_qd4qtA1_Er2RM7lt7LZCA&AID=5&CI=0&TYPE=xmlhttp&zx=yj1iheohptlo&t=2:0
[35325623ms] [ERROR] Failed to load resource: the server responded with a status of 400 () @ https://signaler-pa.clients6.google.com/punctual/multi-watch/channel?VER=8&gsessionid=zVZXLqkAOIkcMhfls_8AKKbQ1JroNJ15ZwB0xv0Fak8&key=AIzaSyCIMH2ks6VPAfRC2lqU_Snz1Lo76XGdnlc&RID=rpc&SID=xwrriMvz2PXg2R7SuwAS8w&AID=8&CI=0&TYPE=xmlhttp&zx=oet4pwi5ovp7&t=2:0
[39464435ms] [ERROR] Failed to load resource: the server responded with a status of 400 () @ https://signaler-pa.clients6.google.com/punctual/multi-watch/channel?VER=8&gsessionid=n2iRjv_2kKX0EWvDQhdzhvpicTNwEkUGAXI_Xx59E8I&key=AIzaSyCIMH2ks6VPAfRC2lqU_Snz1Lo76XGdnlc&RID=rpc&SID=Wv_vyDxESdVftYyGv2_8qQ&AID=12&CI=0&TYPE=xmlhttp&zx=3vgcp7idttfe&t=2:0
[46967394ms] [ERROR] Failed to load resource: the server responded with a status of 400 () @ https://signaler-pa.clients6.google.com/punctual/multi-watch/channel?VER=8&gsessionid=3kZz7PVtiP1l2ZTcmAgKYrUEyUzSO1AxRH_mbwDsJho&key=AIzaSyCIMH2ks6VPAfRC2lqU_Snz1Lo76XGdnlc&RID=rpc&SID=yIKFdoxhrMcM5HPRbtp0QA&AID=9&CI=0&TYPE=xmlhttp&zx=5rqylunxk6fv&t=2:0
[49984482ms] [ERROR] Failed to load resource: net::ERR_QUIC_PROTOCOL_ERROR.QUIC_PUBLIC_RESET @ https://signaler-pa.clients6.google.com/punctual/multi-watch/channel?VER=8&gsessionid=MIdPv6gkgg950E1wP2CKm_8kCJVcw7M07tgmxegbYbU&key=AIzaSyCIMH2ks6VPAfRC2lqU_Snz1Lo76XGdnlc&RID=rpc&SID=XntVDYg5PzpZej2YXcebWw&AID=0&CI=0&TYPE=xmlhttp&zx=vqrl1dk80jmu&t=1:0
[49985624ms] [ERROR] Failed to load resource: the server responded with a status of 400 () @ https://signaler-pa.clients6.google.com/punctual/multi-watch/channel?VER=8&gsessionid=MIdPv6gkgg950E1wP2CKm_8kCJVcw7M07tgmxegbYbU&key=AIzaSyCIMH2ks6VPAfRC2lqU_Snz1Lo76XGdnlc&RID=rpc&SID=XntVDYg5PzpZej2YXcebWw&AID=9&CI=0&TYPE=xmlhttp&zx=5jh6eh2f4mga&t=2:0
[61063958ms] [ERROR] Failed to load resource: net::ERR_TIMED_OUT @ https://signaler-pa.clients6.google.com/punctual/multi-watch/channel?VER=8&gsessionid=gUtDCaouQwoXYWU5TLWEd0wGhEYj8OC00_T73j7tJso&key=AIzaSyCIMH2ks6VPAfRC2lqU_Snz1Lo76XGdnlc&RID=rpc&SID=OEy7H1VJuPxZO819f9jyuA&AID=7&CI=0&TYPE=xmlhttp&zx=8zyhzxrd8vfx&t=2:0
[61064073ms] [ERROR] Failed to load resource: net::ERR_TIMED_OUT @ https://mail-ads.google.com/mail/u/0/adsfe/main_jspb?rt=r&client=25&pt=ji:0
[61231368ms] [ERROR] Failed to load resource: the server responded with a status of 400 () @ https://signaler-pa.clients6.google.com/punctual/multi-watch/channel?VER=8&gsessionid=gUtDCaouQwoXYWU5TLWEd0wGhEYj8OC00_T73j7tJso&key=AIzaSyCIMH2ks6VPAfRC2lqU_Snz1Lo76XGdnlc&RID=rpc&SID=OEy7H1VJuPxZO819f9jyuA&AID=7&CI=0&TYPE=xmlhttp&zx=oq59a6dz1byd&t=3:0
[66884681ms] [ERROR] Failed to load resource: net::ERR_HTTP2_PING_FAILED @ https://signaler-pa.clients6.google.com/punctual/multi-watch/channel?VER=8&gsessionid=OHavZuBrRJQxz92A9jJXrAQdeoROcoN8hwk8mTp5Whw&key=AIzaSyCIMH2ks6VPAfRC2lqU_Snz1Lo76XGdnlc&RID=rpc&SID=1uig4cZQP8exASQrflJFwA&AID=0&CI=0&TYPE=xmlhttp&zx=mn4gbyxi5pfn&t=1:0
[66885681ms] [ERROR] Failed to load resource: the server responded with a status of 400 () @ https://signaler-pa.clients6.google.com/punctual/multi-watch/channel?VER=8&gsessionid=OHavZuBrRJQxz92A9jJXrAQdeoROcoN8hwk8mTp5Whw&key=AIzaSyCIMH2ks6VPAfRC2lqU_Snz1Lo76XGdnlc&RID=rpc&SID=1uig4cZQP8exASQrflJFwA&AID=9&CI=0&TYPE=xmlhttp&zx=y9xm9l4ym66c&t=2:0
[68516854ms] [ERROR] Failed to load resource: the server responded with a status of 400 () @ https://signaler-pa.clients6.google.com/punctual/multi-watch/channel?VER=8&gsessionid=gfI7F3p4slr-6WLoYRtQNnJIEQvPm0PlWiu161pWHQc&key=AIzaSyCIMH2ks6VPAfRC2lqU_Snz1Lo76XGdnlc&RID=rpc&SID=-XsAdZ-kCGOBaKWaIBi07Q&AID=9&CI=0&TYPE=xmlhttp&zx=qtzxxr9a25ni&t=2:0
[70017656ms] [ERROR] Failed to load resource: net::ERR_NETWORK_CHANGED @ https://signaler-pa.clients6.google.com/punctual/multi-watch/channel?VER=8&gsessionid=xOPSOie_fRE3qTjTKeR8XV2uV3G5vv9Jak1OWI6NS6Y&key=AIzaSyCIMH2ks6VPAfRC2lqU_Snz1Lo76XGdnlc&RID=rpc&SID=6LV9J_s4GzewRGGzeN8PBg&AID=0&CI=0&TYPE=xmlhttp&zx=sjvc9nj8a00g&t=1:0
[70020057ms] [ERROR] Failed to load resource: net::ERR_INTERNET_DISCONNECTED @ https://signaler-pa.clients6.google.com/punctual/multi-watch/channel?VER=8&gsessionid=xOPSOie_fRE3qTjTKeR8XV2uV3G5vv9Jak1OWI6NS6Y&key=AIzaSyCIMH2ks6VPAfRC2lqU_Snz1Lo76XGdnlc&RID=rpc&SID=6LV9J_s4GzewRGGzeN8PBg&AID=7&CI=0&TYPE=xmlhttp&zx=39zzu3321wen&t=2:0
[70020070ms] [ERROR] Failed to load resource: net::ERR_INTERNET_DISCONNECTED @ https://ssl.gstatic.com/ui/v1/icons/mail/images/cleardot.gif?zx=3wspz798rxru:0
[70027407ms] [ERROR] Failed to load resource: net::ERR_INTERNET_DISCONNECTED @ https://signaler-pa.clients6.google.com/punctual/multi-watch/channel?VER=8&gsessionid=xOPSOie_fRE3qTjTKeR8XV2uV3G5vv9Jak1OWI6NS6Y&key=AIzaSyCIMH2ks6VPAfRC2lqU_Snz1Lo76XGdnlc&RID=rpc&SID=6LV9J_s4GzewRGGzeN8PBg&AID=7&CI=0&TYPE=xmlhttp&zx=l3epvmirojsf&t=3:0
[70030184ms] [ERROR] Failed to load resource: net::ERR_INTERNET_DISCONNECTED @ https://play.google.com/log?format=json&hasfast=true&authuser=0:0
[70030187ms] [ERROR] Failed to load resource: net::ERR_INTERNET_DISCONNECTED @ https://ssl.gstatic.com/ui/v1/icons/mail/images/cleardot.gif?zx=e913jpz804bu:0
[70031399ms] [ERROR] Failed to load resource: net::ERR_INTERNET_DISCONNECTED @ https://signaler-pa.clients6.google.com/punctual/v1/refreshCreds?key=AIzaSyCIMH2ks6VPAfRC2lqU_Snz1Lo76XGdnlc&gsessionid=xOPSOie_fRE3qTjTKeR8XV2uV3G5vv9Jak1OWI6NS6Y:0
[70040213ms] [ERROR] Failed to load resource: net::ERR_INTERNET_DISCONNECTED @ https://ssl.gstatic.com/ui/v1/icons/mail/images/cleardot.gif?zx=sr0fz6jz3txq:0
[70048690ms] [ERROR] Failed to load resource: net::ERR_INTERNET_DISCONNECTED @ https://signaler-pa.clients6.google.com/punctual/multi-watch/channel?VER=8&gsessionid=xOPSOie_fRE3qTjTKeR8XV2uV3G5vv9Jak1OWI6NS6Y&key=AIzaSyCIMH2ks6VPAfRC2lqU_Snz1Lo76XGdnlc&RID=rpc&SID=6LV9J_s4GzewRGGzeN8PBg&AID=7&CI=0&TYPE=xmlhttp&zx=xa1un7e386rz&t=4:0
[70048695ms] [ERROR] Failed to load resource: net::ERR_INTERNET_DISCONNECTED @ https://www.google.com/images/cleardot.gif?zx=331zuv4bay0e:0
[70048699ms] [ERROR] Failed to load resource: net::ERR_INTERNET_DISCONNECTED @ https://signaler-pa.clients6.google.com/punctual/v1/chooseServer?key=AIzaSyCIMH2ks6VPAfRC2lqU_Snz1Lo76XGdnlc:0
[70049163ms] [ERROR] Failed to load resource: net::ERR_INTERNET_DISCONNECTED @ https://signaler-pa.clients6.google.com/punctual/v1/chooseServer?key=AIzaSyCIMH2ks6VPAfRC2lqU_Snz1Lo76XGdnlc:0
[70050140ms] [ERROR] Failed to load resource: net::ERR_INTERNET_DISCONNECTED @ https://signaler-pa.clients6.google.com/punctual/v1/chooseServer?key=AIzaSyCIMH2ks6VPAfRC2lqU_Snz1Lo76XGdnlc:0
[70050228ms] [ERROR] Failed to load resource: net::ERR_INTERNET_DISCONNECTED @ https://ssl.gstatic.com/ui/v1/icons/mail/images/cleardot.gif?zx=xzgfzq6i6bah:0
[70052148ms] [ERROR] Failed to load resource: net::ERR_INTERNET_DISCONNECTED @ https://signaler-pa.clients6.google.com/punctual/v1/chooseServer?key=AIzaSyCIMH2ks6VPAfRC2lqU_Snz1Lo76XGdnlc:0
[70053924ms] [ERROR] Failed to load resource: net::ERR_INTERNET_DISCONNECTED @ https://waa-pa.clients6.google.com/$rpc/google.internal.waa.v1.Waa/Ping:0
[70053924ms] [ERROR] Failed to load resource: net::ERR_INTERNET_DISCONNECTED @ https://play.google.com/log?format=json&hasfast=true&authuser=0:0
[70053934ms] [ERROR] Failed to load resource: net::ERR_INTERNET_DISCONNECTED @ https://play.google.com/log?hasfast=true&auth=SAPISIDHASH+b87bf7d3d16062009c64a7a4d769008ab5131ac9+SAPISID1PHASH+b87bf7d3d16062009c64a7a4d769008ab5131ac9+SAPISID3PHASH+b87bf7d3d16062009c64a7a4d769008ab5131ac9&authuser=0&format=json:0
[70054935ms] [ERROR] Failed to load resource: net::ERR_INTERNET_DISCONNECTED @ https://waa-pa.googleapis.com/$rpc/google.internal.waa.v1.Waa/Ping:0
[70055466ms] [ERROR] Failed to load resource: net::ERR_INTERNET_DISCONNECTED @ https://signaler-pa.clients6.google.com/punctual/v1/chooseServer?key=AIzaSyCIMH2ks6VPAfRC2lqU_Snz1Lo76XGdnlc:0
[70060238ms] [ERROR] Failed to load resource: net::ERR_INTERNET_DISCONNECTED @ https://ssl.gstatic.com/ui/v1/icons/mail/images/cleardot.gif?zx=4led6hezlzgf:0
[71085342ms] [ERROR] Failed to load resource: net::ERR_INTERNET_DISCONNECTED @ https://signaler-pa.clients6.google.com/punctual/v1/chooseServer?key=AIzaSyCIMH2ks6VPAfRC2lqU_Snz1Lo76XGdnlc:0
[72041719ms] [ERROR] Failed to load resource: net::ERR_INTERNET_DISCONNECTED @ https://ssl.gstatic.com/ui/v1/icons/mail/images/cleardot.gif?zx=yd75mjsbgyr:0
[72041722ms] [ERROR] Failed to load resource: net::ERR_INTERNET_DISCONNECTED @ https://play.google.com/log?format=json&hasfast=true&authuser=0:0
[72153115ms] [ERROR] Failed to load resource: net::ERR_INTERNET_DISCONNECTED @ https://signaler-pa.clients6.google.com/punctual/v1/chooseServer?key=AIzaSyCIMH2ks6VPAfRC2lqU_Snz1Lo76XGdnlc:0
[72156595ms] [ERROR] Failed to load resource: net::ERR_INTERNET_DISCONNECTED @ https://ssl.gstatic.com/ui/v1/icons/mail/images/cleardot.gif?zx=26npsvtvzjgf:0
[72166609ms] [ERROR] Failed to load resource: net::ERR_INTERNET_DISCONNECTED @ https://ssl.gstatic.com/ui/v1/icons/mail/images/cleardot.gif?zx=6j3u63rb7hph:0
[72176630ms] [ERROR] Failed to load resource: net::ERR_INTERNET_DISCONNECTED @ https://ssl.gstatic.com/ui/v1/icons/mail/images/cleardot.gif?zx=uzaq6uu53j5t:0
[72178760ms] [ERROR] Failed to load resource: net::ERR_INTERNET_DISCONNECTED @ https://signaler-pa.clients6.google.com/punctual/v1/chooseServer?key=AIzaSyCIMH2ks6VPAfRC2lqU_Snz1Lo76XGdnlc:0
[72186651ms] [ERROR] Failed to load resource: net::ERR_INTERNET_DISCONNECTED @ https://ssl.gstatic.com/ui/v1/icons/mail/images/cleardot.gif?zx=e3uj1uqhwnt:0
[72204950ms] [ERROR] Failed to load resource: net::ERR_INTERNET_DISCONNECTED @ https://ssl.gstatic.com/ui/v1/icons/mail/images/cleardot.gif?zx=38pipxjzys3d:0
[72214964ms] [ERROR] Failed to load resource: net::ERR_INTERNET_DISCONNECTED @ https://ssl.gstatic.com/ui/v1/icons/mail/images/cleardot.gif?zx=bptms9xs5jjr:0
[72225026ms] [ERROR] Failed to load resource: net::ERR_INTERNET_DISCONNECTED @ https://ssl.gstatic.com/ui/v1/icons/mail/images/cleardot.gif?zx=neiyvgz2gyfi:0
[72235039ms] [ERROR] Failed to load resource: net::ERR_INTERNET_DISCONNECTED @ https://ssl.gstatic.com/ui/v1/icons/mail/images/cleardot.gif?zx=mc4osnbdj0s5:0
[72240229ms] [ERROR] Failed to load resource: net::ERR_INTERNET_DISCONNECTED @ https://signaler-pa.clients6.google.com/punctual/v1/chooseServer?key=AIzaSyCIMH2ks6VPAfRC2lqU_Snz1Lo76XGdnlc:0
[72245052ms] [ERROR] Failed to load resource: net::ERR_INTERNET_DISCONNECTED @ https://ssl.gstatic.com/ui/v1/icons/mail/images/cleardot.gif?zx=y627pnipunlo:0
[72353203ms] [ERROR] Failed to load resource: net::ERR_INTERNET_DISCONNECTED @ https://ssl.gstatic.com/ui/v1/icons/mail/images/cleardot.gif?zx=qlzswdxtyrln:0
[72363210ms] [ERROR] Failed to load resource: net::ERR_INTERNET_DISCONNECTED @ https://ssl.gstatic.com/ui/v1/icons/mail/images/cleardot.gif?zx=p4ll7eyynqjp:0
[72373245ms] [ERROR] Failed to load resource: net::ERR_INTERNET_DISCONNECTED @ https://ssl.gstatic.com/ui/v1/icons/mail/images/cleardot.gif?zx=8hnefdv7c8mn:0
[72383261ms] [ERROR] Failed to load resource: net::ERR_INTERNET_DISCONNECTED @ https://ssl.gstatic.com/ui/v1/icons/mail/images/cleardot.gif?zx=63dh8kgio4vf:0
[72393273ms] [ERROR] Failed to load resource: net::ERR_INTERNET_DISCONNECTED @ https://ssl.gstatic.com/ui/v1/icons/mail/images/cleardot.gif?zx=ilu258be3vri:0
[73252502ms] [ERROR] Failed to load resource: net::ERR_INTERNET_DISCONNECTED @ https://ssl.gstatic.com/ui/v1/icons/mail/images/cleardot.gif?zx=588m2f14x7gb:0
[73262520ms] [ERROR] Failed to load resource: net::ERR_INTERNET_DISCONNECTED @ https://ssl.gstatic.com/ui/v1/icons/mail/images/cleardot.gif?zx=8jxilnk93uvy:0
[73272541ms] [ERROR] Failed to load resource: net::ERR_INTERNET_DISCONNECTED @ https://ssl.gstatic.com/ui/v1/icons/mail/images/cleardot.gif?zx=ji79ayn9dvga:0
