[    2906ms] [LOG] [Fast Refresh] done in 10686ms @ http://localhost:3000/_next/static/chunks/node_modules_next_dist_f3530cac._.js:2297
[    3127ms] [LOG] [Fast Refresh] rebuilding @ http://localhost:3000/_next/static/chunks/node_modules_next_dist_f3530cac._.js:2297
[    4247ms] [LOG] [Fast Refresh] done in 1220ms @ http://localhost:3000/_next/static/chunks/node_modules_next_dist_f3530cac._.js:2297
[   21466ms] [INFO] %cDownload the React DevTools for a better development experience: https://react.dev/link/react-devtools font-weight:bold @ http://localhost:3000/_next/static/chunks/node_modules_next_dist_f3530cac._.js:2297
[   22705ms] [LOG] [HMR] connected @ http://localhost:3000/_next/static/chunks/node_modules_next_dist_f3530cac._.js:2297
[   23344ms] [LOG] [Fast Refresh] rebuilding @ http://localhost:3000/_next/static/chunks/node_modules_next_dist_f3530cac._.js:2297
[   23939ms] [ERROR] Access to XMLHttpRequest at 'https://yezzstudio.api.sanity.io/v2026-05-04/users/me?tag=sanity.studio.users.get-current.initial' from origin 'http://localhost:3000' has been blocked by CORS policy: Response to preflight request doesn't pass access control check: No 'Access-Control-Allow-Origin' header is present on the requested resource. @ http://localhost:3000/studio:0
[   23944ms] [ERROR] Failed to load resource: net::ERR_FAILED @ https://yezzstudio.api.sanity.io/v2026-05-04/users/me?tag=sanity.studio.users.get-current.initial:0
[   24112ms] [ERROR] Access to XMLHttpRequest at 'https://yezzstudio.api.sanity.io/v2026-05-04/users/me?tag=sanity.studio.users.get-current.initial' from origin 'http://localhost:3000' has been blocked by CORS policy: Response to preflight request doesn't pass access control check: No 'Access-Control-Allow-Origin' header is present on the requested resource. @ http://localhost:3000/studio:0
[   24112ms] [ERROR] Failed to load resource: net::ERR_FAILED @ https://yezzstudio.api.sanity.io/v2026-05-04/users/me?tag=sanity.studio.users.get-current.initial:0
[   24349ms] [ERROR] Access to XMLHttpRequest at 'https://yezzstudio.api.sanity.io/v2026-05-04/users/me?tag=sanity.studio.users.get-current.initial' from origin 'http://localhost:3000' has been blocked by CORS policy: Response to preflight request doesn't pass access control check: No 'Access-Control-Allow-Origin' header is present on the requested resource. @ http://localhost:3000/studio:0
[   24349ms] [ERROR] Failed to load resource: net::ERR_FAILED @ https://yezzstudio.api.sanity.io/v2026-05-04/users/me?tag=sanity.studio.users.get-current.initial:0
[   24782ms] [ERROR] Access to XMLHttpRequest at 'https://yezzstudio.api.sanity.io/v2026-05-04/users/me?tag=sanity.studio.users.get-current.initial' from origin 'http://localhost:3000' has been blocked by CORS policy: Response to preflight request doesn't pass access control check: No 'Access-Control-Allow-Origin' header is present on the requested resource. @ http://localhost:3000/studio:0
[   24782ms] [ERROR] Failed to load resource: net::ERR_FAILED @ https://yezzstudio.api.sanity.io/v2026-05-04/users/me?tag=sanity.studio.users.get-current.initial:0
[   25041ms] [LOG] [Fast Refresh] done in 1900ms @ http://localhost:3000/_next/static/chunks/node_modules_next_dist_f3530cac._.js:2297
[   25699ms] [ERROR] Access to XMLHttpRequest at 'https://yezzstudio.api.sanity.io/v2026-05-04/users/me?tag=sanity.studio.users.get-current.initial' from origin 'http://localhost:3000' has been blocked by CORS policy: Response to preflight request doesn't pass access control check: No 'Access-Control-Allow-Origin' header is present on the requested resource. @ http://localhost:3000/studio:0
[   25699ms] [ERROR] Failed to load resource: net::ERR_FAILED @ https://yezzstudio.api.sanity.io/v2026-05-04/users/me?tag=sanity.studio.users.get-current.initial:0
[   27377ms] [ERROR] Access to XMLHttpRequest at 'https://yezzstudio.api.sanity.io/v2026-05-04/users/me?tag=sanity.studio.users.get-current.initial' from origin 'http://localhost:3000' has been blocked by CORS policy: Response to preflight request doesn't pass access control check: No 'Access-Control-Allow-Origin' header is present on the requested resource. @ http://localhost:3000/studio:0
[   27378ms] [ERROR] Failed to load resource: net::ERR_FAILED @ https://yezzstudio.api.sanity.io/v2026-05-04/users/me?tag=sanity.studio.users.get-current.initial:0
[   27697ms] [ERROR] Failed to load resource: the server responded with a status of 404 () @ https://yezzstudio.api.sanity.io/v2026-05-04/ping?tag=sanity.studio.cors-check:0
[   27716ms] [ERROR] %o

%s Error: Request error while attempting to reach is https://yezzstudio.api.sanity.io/v2026-05-04/users/me?tag=sanity.studio.users.get-current.initial
    at a.onerror (http://localhost:3000/_next/static/chunks/node_modules_1eeca8b5._.js:12908:14) The above error occurred in the <AuthBoundary> component. It was handled by the <ErrorBoundary> error boundary. @ http://localhost:3000/_next/static/chunks/node_modules_next_dist_client_17643121._.js:1342
[   28140ms] [LOG] [Fast Refresh] rebuilding @ http://localhost:3000/_next/static/chunks/node_modules_next_dist_f3530cac._.js:2297
[   28393ms] [LOG] [Fast Refresh] done in 354ms @ http://localhost:3000/_next/static/chunks/node_modules_next_dist_f3530cac._.js:2297
[   83460ms] [LOG] [Fast Refresh] rebuilding @ http://localhost:3000/_next/static/chunks/node_modules_next_dist_f3530cac._.js:2297
