[     670ms] [INFO] %cDownload the React DevTools for a better development experience: https://react.dev/link/react-devtools font-weight:bold @ http://localhost:3000/_next/static/chunks/node_modules_next_dist_f3530cac._.js:2297
[     753ms] [LOG] [HMR] connected @ http://localhost:3000/_next/static/chunks/node_modules_next_dist_f3530cac._.js:2297
[    2754ms] [ERROR] Access to XMLHttpRequest at 'https://v453srdz.api.sanity.io/v2026-05-04/users/me?tag=sanity.studio.users.get-current.initial' from origin 'http://localhost:3000' has been blocked by CORS policy: Response to preflight request doesn't pass access control check: No 'Access-Control-Allow-Origin' header is present on the requested resource. @ http://localhost:3000/studio:0
[    2755ms] [ERROR] Failed to load resource: net::ERR_FAILED @ https://v453srdz.api.sanity.io/v2026-05-04/users/me?tag=sanity.studio.users.get-current.initial:0
[    3032ms] [ERROR] Access to XMLHttpRequest at 'https://v453srdz.api.sanity.io/v2026-05-04/users/me?tag=sanity.studio.users.get-current.initial' from origin 'http://localhost:3000' has been blocked by CORS policy: Response to preflight request doesn't pass access control check: No 'Access-Control-Allow-Origin' header is present on the requested resource. @ http://localhost:3000/studio:0
[    3032ms] [ERROR] Failed to load resource: net::ERR_FAILED @ https://v453srdz.api.sanity.io/v2026-05-04/users/me?tag=sanity.studio.users.get-current.initial:0
[    3292ms] [ERROR] Access to XMLHttpRequest at 'https://v453srdz.api.sanity.io/v2026-05-04/users/me?tag=sanity.studio.users.get-current.initial' from origin 'http://localhost:3000' has been blocked by CORS policy: Response to preflight request doesn't pass access control check: No 'Access-Control-Allow-Origin' header is present on the requested resource. @ http://localhost:3000/studio:0
[    3292ms] [ERROR] Failed to load resource: net::ERR_FAILED @ https://v453srdz.api.sanity.io/v2026-05-04/users/me?tag=sanity.studio.users.get-current.initial:0
[    3754ms] [ERROR] Access to XMLHttpRequest at 'https://v453srdz.api.sanity.io/v2026-05-04/users/me?tag=sanity.studio.users.get-current.initial' from origin 'http://localhost:3000' has been blocked by CORS policy: Response to preflight request doesn't pass access control check: No 'Access-Control-Allow-Origin' header is present on the requested resource. @ http://localhost:3000/studio:0
[    3754ms] [ERROR] Failed to load resource: net::ERR_FAILED @ https://v453srdz.api.sanity.io/v2026-05-04/users/me?tag=sanity.studio.users.get-current.initial:0
[    4630ms] [ERROR] Access to XMLHttpRequest at 'https://v453srdz.api.sanity.io/v2026-05-04/users/me?tag=sanity.studio.users.get-current.initial' from origin 'http://localhost:3000' has been blocked by CORS policy: Response to preflight request doesn't pass access control check: No 'Access-Control-Allow-Origin' header is present on the requested resource. @ http://localhost:3000/studio:0
[    4630ms] [ERROR] Failed to load resource: net::ERR_FAILED @ https://v453srdz.api.sanity.io/v2026-05-04/users/me?tag=sanity.studio.users.get-current.initial:0
[    6346ms] [ERROR] Access to XMLHttpRequest at 'https://v453srdz.api.sanity.io/v2026-05-04/users/me?tag=sanity.studio.users.get-current.initial' from origin 'http://localhost:3000' has been blocked by CORS policy: Response to preflight request doesn't pass access control check: No 'Access-Control-Allow-Origin' header is present on the requested resource. @ http://localhost:3000/studio:0
[    6348ms] [ERROR] Failed to load resource: net::ERR_FAILED @ https://v453srdz.api.sanity.io/v2026-05-04/users/me?tag=sanity.studio.users.get-current.initial:0
[    6713ms] [ERROR] %o

%s CorsOriginError: CorsOriginError
    at getCurrentUser (http://localhost:3000/_next/static/chunks/node_modules_sanity_lib_index_aed97678.js:5976:35)
    at async http://localhost:3000/_next/static/chunks/node_modules_sanity_lib_index_aed97678.js:6041:29 The above error occurred in the <AuthBoundary> component. It was handled by the <ErrorBoundary> error boundary. @ http://localhost:3000/_next/static/chunks/node_modules_next_dist_client_17643121._.js:1342
[    7054ms] [LOG] [Fast Refresh] rebuilding @ http://localhost:3000/_next/static/chunks/node_modules_next_dist_f3530cac._.js:2297
[    8047ms] [LOG] [Fast Refresh] done in 1093ms @ http://localhost:3000/_next/static/chunks/node_modules_next_dist_f3530cac._.js:2297
[  115044ms] [LOG] [Fast Refresh] rebuilding @ http://localhost:3000/_next/static/chunks/node_modules_next_dist_f3530cac._.js:2297
[  115372ms] [LOG] [Fast Refresh] done in 430ms @ http://localhost:3000/_next/static/chunks/node_modules_next_dist_f3530cac._.js:2297
[  116703ms] [LOG] [Fast Refresh] rebuilding @ http://localhost:3000/_next/static/chunks/node_modules_next_dist_f3530cac._.js:2297
[  116719ms] [LOG] [Fast Refresh] done in 117ms @ http://localhost:3000/_next/static/chunks/node_modules_next_dist_f3530cac._.js:2297
[  117040ms] [INFO] %cDownload the React DevTools for a better development experience: https://react.dev/link/react-devtools font-weight:bold @ http://localhost:3000/_next/static/chunks/node_modules_next_dist_f3530cac._.js:2297
[  117066ms] [LOG] [HMR] connected @ http://localhost:3000/_next/static/chunks/node_modules_next_dist_f3530cac._.js:2297
[  124166ms] [VERBOSE] [DOM] Password field is not contained in a form: (More info: https://goo.gl/9p2vKq) %o @ https://accounts.google.com/v3/signin/identifier?opparams=%253F&dsh=S-1409078437%3A1778802400470359&client_id=893427784547-uoeqgcsnl35oi37m3atb0arudbsuh6de.apps.googleusercontent.com&o2v=2&prompt=select_account&redirect_uri=https%3A%2F%2Fapi.sanity.io%2Fv1%2Fauth%2Fcallback%2Fgoogle&response_type=code&scope=https%3A%2F%2Fwww.googleapis.com%2Fauth%2Fuserinfo.email+https%3A%2F%2Fwww.googleapis.com%2Fauth%2Fuserinfo.profile&service=lso&state=MCIIJyzSsoHbN5q2J1MCueOR&flowName=GeneralOAuthFlow&continue=https%3A%2F%2Faccounts.google.com%2Fsignin%2Foauth%2Fconsent%3Fauthuser%3Dunknown%26part%3DAJi8hAOrOyuqCm8zemWhIlql-DL4Z9-U9AqXEZDKeYylp0tXR4-XUZsBkywb5DfBjta8h93BEt2fVjq0f3Pxw2pVZm5bFQRybjtaNV-OTxyMb8x0ir9Dx7S1Ac5UJwqYetrjhyk5N2jHHxxzEu-ySQhinmFQH0wh5MDvLtvNGS5h4CTBqAuvzeRQSewY-pG_nYaPIDNUrHI1m2KezD3jLPSgX3d64iikE71UgPjk-HLrmMJp4qn_uxHNB-DZvjsLlPP91_WdL1X0TsovPs0JkfQP7wvH3Oyq-D5exOj-4TLBGFkuGlWxD6n3snrIbQcJqrajnkmYdo4xqMgTuLu_dTnNtvbuar3qwDnfi4tEO0CJ3QYoJrOBBeeAVKLCDTr0vmfEf6NdEKK5MZ88iaUwZHXoRSqxnkpwiTorieMrXpA0aQsRGpby1M9jviR7oJamHbV2meMZCaIeh3XtgDdaQ_CSP0GVIrBfIQ%26flowName%3DGeneralOAuthFlow%26as%3DS-1409078437%253A1778802400470359%26client_id%3D893427784547-uoeqgcsnl35oi37m3atb0arudbsuh6de.apps.googleusercontent.com%26requestPath%3D%252Fsignin%252Foauth%252Fconsent%23&app_domain=https%3A%2F%2Fapi.sanity.io&rart=ANgoxccoraM8lCB8xm9CMA-fU7_7SN-JrO7gdgyD_vKVbV8IplFolgw_tOaF3FVV__TV1_NRajag1f32C2Ti0kVjEk7HuCF-m4qO3XHv1rQy5hZybmqbfgI:0
[  124171ms] [LOG] %c%s color: red; background: yellow; font-size: 24px; 警告！ @ https://www.gstatic.com/_/mss/boq-identity/_/js/k=boq-identity.AccountsSignInUi.zh_CN.5OcUpkjd0ws.es5.O/am=iW8AAACE4hwhA4D___8DAAggiA74ngVoAoQMAAAAAAAAAABYAgAAjQ/d=1/excm=_b,_tp,identifierview/ed=1/dg=0/wt=2/ujg=1/rs=AOaEmlHRyP5xQn4ue6V2IdFUsAjoqumucQ/dti=1/m=_b,_tp:545
[  124171ms] [LOG] %c%s font-size: 18px; 使用此控制台可能会导致攻击程序利用 Self-XSS 攻击冒充您并窃取您的信息。
请勿输入或粘贴您不明白的代码。 @ https://www.gstatic.com/_/mss/boq-identity/_/js/k=boq-identity.AccountsSignInUi.zh_CN.5OcUpkjd0ws.es5.O/am=iW8AAACE4hwhA4D___8DAAggiA74ngVoAoQMAAAAAAAAAABYAgAAjQ/d=1/excm=_b,_tp,identifierview/ed=1/dg=0/wt=2/ujg=1/rs=AOaEmlHRyP5xQn4ue6V2IdFUsAjoqumucQ/dti=1/m=_b,_tp:545
[  145466ms] [WARNING] Blocked aria-hidden on an element because its descendant retained focus. The focus must not be hidden from assistive technology users. Avoid using aria-hidden on a focused element or its ancestor. Consider using the inert attribute instead, which will also prevent focus. For more details, see the aria-hidden section of the WAI-ARIA specification at https://w3c.github.io/aria/#aria-hidden.
Element with focus: <div.VfPpkd-qNpTzb-P1ekSe VfPpkd-qNpTzb-P1ekSe-OWXEXe-A9y3zc VfPpkd-qNpTzb-P1ekSe-OWXEXe-OiiCO-IhfUye>
Ancestor with aria-hidden: <div.wuMMWb> @ https://accounts.google.com/v3/signin/identifier?opparams=%253F&dsh=S-1409078437%3A1778802400470359&client_id=893427784547-uoeqgcsnl35oi37m3atb0arudbsuh6de.apps.googleusercontent.com&o2v=2&prompt=select_account&redirect_uri=https%3A%2F%2Fapi.sanity.io%2Fv1%2Fauth%2Fcallback%2Fgoogle&response_type=code&scope=https%3A%2F%2Fwww.googleapis.com%2Fauth%2Fuserinfo.email+https%3A%2F%2Fwww.googleapis.com%2Fauth%2Fuserinfo.profile&service=lso&state=MCIIJyzSsoHbN5q2J1MCueOR&flowName=GeneralOAuthFlow&continue=https%3A%2F%2Faccounts.google.com%2Fsignin%2Foauth%2Fconsent%3Fauthuser%3Dunknown%26part%3DAJi8hAOrOyuqCm8zemWhIlql-DL4Z9-U9AqXEZDKeYylp0tXR4-XUZsBkywb5DfBjta8h93BEt2fVjq0f3Pxw2pVZm5bFQRybjtaNV-OTxyMb8x0ir9Dx7S1Ac5UJwqYetrjhyk5N2jHHxxzEu-ySQhinmFQH0wh5MDvLtvNGS5h4CTBqAuvzeRQSewY-pG_nYaPIDNUrHI1m2KezD3jLPSgX3d64iikE71UgPjk-HLrmMJp4qn_uxHNB-DZvjsLlPP91_WdL1X0TsovPs0JkfQP7wvH3Oyq-D5exOj-4TLBGFkuGlWxD6n3snrIbQcJqrajnkmYdo4xqMgTuLu_dTnNtvbuar3qwDnfi4tEO0CJ3QYoJrOBBeeAVKLCDTr0vmfEf6NdEKK5MZ88iaUwZHXoRSqxnkpwiTorieMrXpA0aQsRGpby1M9jviR7oJamHbV2meMZCaIeh3XtgDdaQ_CSP0GVIrBfIQ%26flowName%3DGeneralOAuthFlow%26as%3DS-1409078437%253A1778802400470359%26client_id%3D893427784547-uoeqgcsnl35oi37m3atb0arudbsuh6de.apps.googleusercontent.com%26requestPath%3D%252Fsignin%252Foauth%252Fconsent%23&app_domain=https%3A%2F%2Fapi.sanity.io&rart=ANgoxccoraM8lCB8xm9CMA-fU7_7SN-JrO7gdgyD_vKVbV8IplFolgw_tOaF3FVV__TV1_NRajag1f32C2Ti0kVjEk7HuCF-m4qO3XHv1rQy5hZybmqbfgI:0
[  164830ms] [INFO] %cDownload the React DevTools for a better development experience: https://react.dev/link/react-devtools font-weight:bold @ http://localhost:3000/_next/static/chunks/node_modules_next_dist_f3530cac._.js:2297
[  164893ms] [LOG] [HMR] connected @ http://localhost:3000/_next/static/chunks/node_modules_next_dist_f3530cac._.js:2297
[  165006ms] [LOG] [Fast Refresh] rebuilding @ http://localhost:3000/_next/static/chunks/node_modules_next_dist_f3530cac._.js:2297
[  165034ms] [LOG] [Fast Refresh] done in 128ms @ http://localhost:3000/_next/static/chunks/node_modules_next_dist_f3530cac._.js:2297
[  166358ms] [WARNING] WebSocket connection to 'wss://v453srdz.api.sanity.io/v2022-06-30/socket/production?tag=sanity.studio' failed: WebSocket is closed before the connection is established. @ http://localhost:3000/_next/static/chunks/node_modules_%40sanity_7892097c._.js:4470
[  166552ms] [WARNING] WebSocket connection to 'wss://v453srdz.api.sanity.io/v2022-06-30/socket/production?tag=sanity.studio' failed: WebSocket is closed before the connection is established. @ http://localhost:3000/_next/static/chunks/node_modules_%40sanity_7892097c._.js:4470
[  166558ms] [LOG] [Fast Refresh] rebuilding @ http://localhost:3000/_next/static/chunks/node_modules_next_dist_f3530cac._.js:2297
[  166573ms] [WARNING] WebSocket connection to 'wss://v453srdz.api.sanity.io/v2022-06-30/socket/production?tag=sanity.studio' failed: WebSocket is closed before the connection is established. @ http://localhost:3000/_next/static/chunks/node_modules_%40sanity_7892097c._.js:4470
[  168183ms] [LOG] [Fast Refresh] done in 1828ms @ http://localhost:3000/_next/static/chunks/node_modules_next_dist_f3530cac._.js:2297
[  171414ms] [LOG] [Fast Refresh] rebuilding @ http://localhost:3000/_next/static/chunks/node_modules_next_dist_f3530cac._.js:2297
[  172613ms] [LOG] [Fast Refresh] done in 1346ms @ http://localhost:3000/_next/static/chunks/node_modules_next_dist_f3530cac._.js:2297
[  174685ms] [LOG] [Fast Refresh] rebuilding @ http://localhost:3000/_next/static/chunks/node_modules_next_dist_f3530cac._.js:2297
[  174794ms] [LOG] [Fast Refresh] done in 218ms @ http://localhost:3000/_next/static/chunks/node_modules_next_dist_f3530cac._.js:2297
[  300832ms] [LOG] [Fast Refresh] rebuilding @ http://localhost:3000/_next/static/chunks/node_modules_next_dist_f3530cac._.js:2297
[  301445ms] [LOG] [Fast Refresh] done in 714ms @ http://localhost:3000/_next/static/chunks/node_modules_next_dist_f3530cac._.js:2297
[  302067ms] [LOG] [Fast Refresh] rebuilding @ http://localhost:3000/_next/static/chunks/node_modules_next_dist_f3530cac._.js:2297
[  302200ms] [LOG] [Fast Refresh] done in 236ms @ http://localhost:3000/_next/static/chunks/node_modules_next_dist_f3530cac._.js:2297
