[     797ms] [LOG] [Fast Refresh] done in 1856ms @ http://localhost:3000/_next/static/chunks/node_modules_next_dist_b3fb3b5f._.js:1206
[     945ms] [LOG] [Fast Refresh] rebuilding @ http://localhost:3000/_next/static/chunks/node_modules_next_dist_b3fb3b5f._.js:1206
[     993ms] [LOG] [Fast Refresh] done in 148ms @ http://localhost:3000/_next/static/chunks/node_modules_next_dist_b3fb3b5f._.js:1206
[    1112ms] [LOG] [Fast Refresh] rebuilding @ http://localhost:3000/_next/static/chunks/node_modules_next_dist_b3fb3b5f._.js:1206
[    2926ms] [LOG] [Fast Refresh] done in 1915ms @ http://localhost:3000/_next/static/chunks/node_modules_next_dist_b3fb3b5f._.js:1206
[    3332ms] [INFO] %cDownload the React DevTools for a better development experience: https://react.dev/link/react-devtools font-weight:bold @ http://localhost:3000/_next/static/chunks/node_modules_next_dist_f3530cac._.js:2297
[    3534ms] [LOG] [HMR] connected @ http://localhost:3000/_next/static/chunks/node_modules_next_dist_f3530cac._.js:2297
[    4181ms] [LOG] [Fast Refresh] rebuilding @ http://localhost:3000/_next/static/chunks/node_modules_next_dist_f3530cac._.js:2297
[    4283ms] [LOG] [Fast Refresh] done in 681ms @ http://localhost:3000/_next/static/chunks/node_modules_next_dist_f3530cac._.js:2297
[    4606ms] [LOG] [Fast Refresh] rebuilding @ http://localhost:3000/_next/static/chunks/node_modules_next_dist_f3530cac._.js:2297
[    4692ms] [LOG] [Fast Refresh] done in 188ms @ http://localhost:3000/_next/static/chunks/node_modules_next_dist_f3530cac._.js:2297
[    5754ms] [LOG] [Fast Refresh] rebuilding @ http://localhost:3000/_next/static/chunks/node_modules_next_dist_f3530cac._.js:2297
[    5802ms] [LOG] [Fast Refresh] done in 159ms @ http://localhost:3000/_next/static/chunks/node_modules_next_dist_f3530cac._.js:2297
[    5850ms] [ERROR] Access to XMLHttpRequest at 'https://yezzstudio.api.sanity.io/v2026-05-04/users/me?tag=sanity.studio.users.get-current.initial' from origin 'http://localhost:3000' has been blocked by CORS policy: Response to preflight request doesn't pass access control check: No 'Access-Control-Allow-Origin' header is present on the requested resource. @ http://localhost:3000/studio:0
[    5853ms] [ERROR] Failed to load resource: net::ERR_FAILED @ https://yezzstudio.api.sanity.io/v2026-05-04/users/me?tag=sanity.studio.users.get-current.initial:0
[    6101ms] [ERROR] Access to XMLHttpRequest at 'https://yezzstudio.api.sanity.io/v2026-05-04/users/me?tag=sanity.studio.users.get-current.initial' from origin 'http://localhost:3000' has been blocked by CORS policy: Response to preflight request doesn't pass access control check: No 'Access-Control-Allow-Origin' header is present on the requested resource. @ http://localhost:3000/studio:0
[    6101ms] [ERROR] Failed to load resource: net::ERR_FAILED @ https://yezzstudio.api.sanity.io/v2026-05-04/users/me?tag=sanity.studio.users.get-current.initial:0
[    6385ms] [ERROR] Access to XMLHttpRequest at 'https://yezzstudio.api.sanity.io/v2026-05-04/users/me?tag=sanity.studio.users.get-current.initial' from origin 'http://localhost:3000' has been blocked by CORS policy: Response to preflight request doesn't pass access control check: No 'Access-Control-Allow-Origin' header is present on the requested resource. @ http://localhost:3000/studio:0
[    6385ms] [ERROR] Failed to load resource: net::ERR_FAILED @ https://yezzstudio.api.sanity.io/v2026-05-04/users/me?tag=sanity.studio.users.get-current.initial:0
[    6890ms] [ERROR] Access to XMLHttpRequest at 'https://yezzstudio.api.sanity.io/v2026-05-04/users/me?tag=sanity.studio.users.get-current.initial' from origin 'http://localhost:3000' has been blocked by CORS policy: Response to preflight request doesn't pass access control check: No 'Access-Control-Allow-Origin' header is present on the requested resource. @ http://localhost:3000/studio:0
[    6890ms] [ERROR] Failed to load resource: net::ERR_FAILED @ https://yezzstudio.api.sanity.io/v2026-05-04/users/me?tag=sanity.studio.users.get-current.initial:0
[    7814ms] [ERROR] Access to XMLHttpRequest at 'https://yezzstudio.api.sanity.io/v2026-05-04/users/me?tag=sanity.studio.users.get-current.initial' from origin 'http://localhost:3000' has been blocked by CORS policy: Response to preflight request doesn't pass access control check: No 'Access-Control-Allow-Origin' header is present on the requested resource. @ http://localhost:3000/studio:0
[    7815ms] [ERROR] Failed to load resource: net::ERR_FAILED @ https://yezzstudio.api.sanity.io/v2026-05-04/users/me?tag=sanity.studio.users.get-current.initial:0
[    9534ms] [ERROR] Access to XMLHttpRequest at 'https://yezzstudio.api.sanity.io/v2026-05-04/users/me?tag=sanity.studio.users.get-current.initial' from origin 'http://localhost:3000' has been blocked by CORS policy: Response to preflight request doesn't pass access control check: No 'Access-Control-Allow-Origin' header is present on the requested resource. @ http://localhost:3000/studio:0
[    9538ms] [ERROR] Failed to load resource: net::ERR_FAILED @ https://yezzstudio.api.sanity.io/v2026-05-04/users/me?tag=sanity.studio.users.get-current.initial:0
[    9887ms] [ERROR] Failed to load resource: the server responded with a status of 404 () @ https://yezzstudio.api.sanity.io/v2026-05-04/ping?tag=sanity.studio.cors-check:0
[    9918ms] [ERROR] %o

%s Error: Request error while attempting to reach is https://yezzstudio.api.sanity.io/v2026-05-04/users/me?tag=sanity.studio.users.get-current.initial
    at a.onerror (http://localhost:3000/_next/static/chunks/node_modules_1eeca8b5._.js:12908:14) The above error occurred in the <AuthBoundary> component. It was handled by the <ErrorBoundary> error boundary. @ http://localhost:3000/_next/static/chunks/node_modules_next_dist_client_17643121._.js:1342
[   10234ms] [LOG] [Fast Refresh] rebuilding @ http://localhost:3000/_next/static/chunks/node_modules_next_dist_f3530cac._.js:2297
[   10954ms] [LOG] [Fast Refresh] done in 820ms @ http://localhost:3000/_next/static/chunks/node_modules_next_dist_f3530cac._.js:2297
[   83179ms] [LOG] [HMR] connected @ http://localhost:3000/_next/static/chunks/node_modules_next_dist_f3530cac._.js:2297
[   84798ms] [LOG] [Fast Refresh] rebuilding @ http://localhost:3000/_next/static/chunks/node_modules_next_dist_f3530cac._.js:2297
[   87773ms] [LOG] [Fast Refresh] done in 3068ms @ http://localhost:3000/_next/static/chunks/node_modules_next_dist_f3530cac._.js:2297
[42164087ms] [LOG] [Fast Refresh] rebuilding @ http://localhost:3000/_next/static/chunks/node_modules_next_dist_f3530cac._.js:2297
