[     371ms] [LOG] [Fast Refresh] rebuilding @ http://localhost:3000/_next/static/chunks/node_modules_next_dist_f3530cac._.js:2297
[     452ms] [LOG] [Fast Refresh] done in 186ms @ http://localhost:3000/_next/static/chunks/node_modules_next_dist_f3530cac._.js:2297
[     599ms] [ERROR] TypeError: network error @ http://localhost:3000/_next/static/chunks/node_modules_next_dist_f3530cac._.js:3127
[     603ms] [ERROR] TypeError: network error @ http://localhost:3000/_next/static/chunks/node_modules_next_dist_f3530cac._.js:3127
[     603ms] [ERROR] TypeError: network error @ http://localhost:3000/_next/static/chunks/node_modules_next_dist_f3530cac._.js:3127
[     604ms] [ERROR] TypeError: network error @ http://localhost:3000/_next/static/chunks/node_modules_next_dist_f3530cac._.js:3127
[     605ms] [ERROR] TypeError: network error @ http://localhost:3000/_next/static/chunks/node_modules_next_dist_f3530cac._.js:3127
[     605ms] [ERROR] TypeError: network error @ http://localhost:3000/_next/static/chunks/node_modules_next_dist_f3530cac._.js:3127
[     606ms] [ERROR] TypeError: network error @ http://localhost:3000/_next/static/chunks/node_modules_next_dist_f3530cac._.js:3127
[     616ms] [ERROR] TypeError: network error @ http://localhost:3000/_next/static/chunks/node_modules_next_dist_f3530cac._.js:3127
[     616ms] [ERROR] TypeError: network error @ http://localhost:3000/_next/static/chunks/node_modules_next_dist_f3530cac._.js:3127
[     617ms] [ERROR] TypeError: network error @ http://localhost:3000/_next/static/chunks/node_modules_next_dist_f3530cac._.js:3127
[     617ms] [ERROR] TypeError: network error @ http://localhost:3000/_next/static/chunks/node_modules_next_dist_f3530cac._.js:3127
[     618ms] [ERROR] TypeError: network error @ http://localhost:3000/_next/static/chunks/node_modules_next_dist_f3530cac._.js:3127
[     906ms] [INFO] %cDownload the React DevTools for a better development experience: https://react.dev/link/react-devtools font-weight:bold @ http://localhost:3000/_next/static/chunks/node_modules_next_dist_f3530cac._.js:2297
[    1007ms] [LOG] [HMR] connected @ http://localhost:3000/_next/static/chunks/node_modules_next_dist_f3530cac._.js:2297
[    2950ms] [WARNING] WebSocket connection to 'wss://v453srdz.api.sanity.io/v2022-06-30/socket/production?tag=sanity.studio' failed: WebSocket is closed before the connection is established. @ http://localhost:3000/_next/static/chunks/node_modules_%40sanity_7892097c._.js:4470
[    3149ms] [WARNING] WebSocket connection to 'wss://v453srdz.api.sanity.io/v2022-06-30/socket/production?tag=sanity.studio' failed: WebSocket is closed before the connection is established. @ http://localhost:3000/_next/static/chunks/node_modules_%40sanity_7892097c._.js:4470
[    3198ms] [WARNING] WebSocket connection to 'wss://v453srdz.api.sanity.io/v2022-06-30/socket/production?tag=sanity.studio' failed: WebSocket is closed before the connection is established. @ http://localhost:3000/_next/static/chunks/node_modules_%40sanity_7892097c._.js:4470
[  209889ms] [LOG] [Fast Refresh] rebuilding @ http://localhost:3000/_next/static/chunks/node_modules_next_dist_f3530cac._.js:2297
[  209981ms] [LOG] [Fast Refresh] done in 194ms @ http://localhost:3000/_next/static/chunks/node_modules_next_dist_f3530cac._.js:2297
[  296880ms] [LOG] [Fast Refresh] rebuilding @ http://localhost:3000/_next/static/chunks/node_modules_next_dist_f3530cac._.js:2297
[  297036ms] [LOG] [Fast Refresh] done in 259ms @ http://localhost:3000/_next/static/chunks/node_modules_next_dist_f3530cac._.js:2297
[  355809ms] [LOG] [Fast Refresh] rebuilding @ http://localhost:3000/_next/static/chunks/node_modules_next_dist_f3530cac._.js:2297
[  355871ms] [LOG] [Fast Refresh] done in 165ms @ http://localhost:3000/_next/static/chunks/node_modules_next_dist_f3530cac._.js:2297
[  356266ms] [LOG] [Fast Refresh] rebuilding @ http://localhost:3000/_next/static/chunks/node_modules_next_dist_f3530cac._.js:2297
[  356365ms] [LOG] [Fast Refresh] done in 201ms @ http://localhost:3000/_next/static/chunks/node_modules_next_dist_f3530cac._.js:2297
[  356467ms] [LOG] [Fast Refresh] rebuilding @ http://localhost:3000/_next/static/chunks/node_modules_next_dist_f3530cac._.js:2297
[  356497ms] [LOG] [Fast Refresh] done in 132ms @ http://localhost:3000/_next/static/chunks/node_modules_next_dist_f3530cac._.js:2297
[  375980ms] [LOG] [Fast Refresh] rebuilding @ http://localhost:3000/_next/static/chunks/node_modules_next_dist_f3530cac._.js:2297
[  375996ms] [LOG] [Fast Refresh] done in 119ms @ http://localhost:3000/_next/static/chunks/node_modules_next_dist_f3530cac._.js:2297
[  989572ms] [LOG] [HMR] connected @ http://localhost:3000/_next/static/chunks/node_modules_next_dist_f3530cac._.js:2297
[  989725ms] [LOG] [Fast Refresh] rebuilding @ http://localhost:3000/_next/static/chunks/node_modules_next_dist_f3530cac._.js:2297
[  989743ms] [LOG] [Fast Refresh] done in 122ms @ http://localhost:3000/_next/static/chunks/node_modules_next_dist_f3530cac._.js:2297
[ 2035638ms] [ERROR] Failed to load resource: net::ERR_QUIC_PROTOCOL_ERROR.QUIC_PACKET_WRITE_ERROR @ https://v453srdz.api.sanity.io/v2025-02-19/data/listen/production?tag=sanity.studio.releases.listen&query=*%5B_type%3D%3D%22system.release%22+%26%26+_id+in+path%28%22_.releases.*%22%29%5D+%7B%0A++_id%2C%0A++_type%2C%0A++_rev%2C%0A++_createdAt%2C%0A++_updatedAt%2C%0A++state%2C%0A++finalDocumentStates%2C%0A++publishAt%2C%0A++publishedAt%2C%0A++%22metadata%22%3A+coalesce%28metadata%2C+%7B%0A++++%22title%22%3A+%22%22%2C%0A++++%22releaseType%22%3A+%22undecided%22%2C%0A++%7D%29%2C%0A++%2F%2F+Content+Lake+initially+encoded+non-error+states+as+%7Berror%3A+%7Bmessage%3A+%22%22%7D%7D.+This+projection%0A++%2F%2F+ensures+the+error+field+only+appears+if+the+document+has+a+non-empty+error+message.%0A++...select%28%0A++++length%28error.message%29+%3E+0+%3D%3E+%7B+error+%7D%2C%0A++++%7B%7D%0A++%29%2C%0A%7D+%7C+order%28_createdAt+desc%29&includeAllVersions=true&visibility=query:0
[ 2035645ms] [ERROR] TypeError: network error @ http://localhost:3000/_next/static/chunks/node_modules_next_dist_f3530cac._.js:3127
[ 2035646ms] [ERROR] Failed to load resource: net::ERR_QUIC_PROTOCOL_ERROR.QUIC_PACKET_WRITE_ERROR @ https://v453srdz.api.sanity.io/v2025-02-19/agent/o9l5QV2Cu/bundles/mine/listen:0
[ 2035755ms] [ERROR] Failed to load resource: net::ERR_INTERNET_DISCONNECTED @ https://v453srdz.api.sanity.io/v2025-02-19/data/query/production?query=*%5B_type%3D%3D%22system.release%22+%26%26+_id+in+path%28%22_.releases.*%22%29%5D+%7B%0A++_id%2C%0A++_type%2C%0A++_rev%2C%0A++_createdAt%2C%0A++_updatedAt%2C%0A++state%2C%0A++finalDocumentStates%2C%0A++publishAt%2C%0A++publishedAt%2C%0A++%22metadata%22%3A+coalesce%28metadata%2C+%7B%0A++++%22title%22%3A+%22%22%2C%0A++++%22releaseType%22%3A+%22undecided%22%2C%0A++%7D%29%2C%0A++%2F%2F+Content+Lake+initially+encoded+non-error+states+as+%7Berror%3A+%7Bmessage%3A+%22%22%7D%7D.+This+projection%0A++%2F%2F+ensures+the+error+field+only+appears+if+the+document+has+a+non-empty+error+message.%0A++...select%28%0A++++length%28error.message%29+%3E+0+%3D%3E+%7B+error+%7D%2C%0A++++%7B%7D%0A++%29%2C%0A%7D+%7C+order%28_createdAt+desc%29&returnQuery=false&perspective=raw&tag=sanity.studio.releases.listen:0
[ 2035927ms] [ERROR] Failed to load resource: net::ERR_INTERNET_DISCONNECTED @ https://v453srdz.api.sanity.io/v2025-02-19/data/query/production?query=*%5B_type%3D%3D%22system.release%22+%26%26+_id+in+path%28%22_.releases.*%22%29%5D+%7B%0A++_id%2C%0A++_type%2C%0A++_rev%2C%0A++_createdAt%2C%0A++_updatedAt%2C%0A++state%2C%0A++finalDocumentStates%2C%0A++publishAt%2C%0A++publishedAt%2C%0A++%22metadata%22%3A+coalesce%28metadata%2C+%7B%0A++++%22title%22%3A+%22%22%2C%0A++++%22releaseType%22%3A+%22undecided%22%2C%0A++%7D%29%2C%0A++%2F%2F+Content+Lake+initially+encoded+non-error+states+as+%7Berror%3A+%7Bmessage%3A+%22%22%7D%7D.+This+projection%0A++%2F%2F+ensures+the+error+field+only+appears+if+the+document+has+a+non-empty+error+message.%0A++...select%28%0A++++length%28error.message%29+%3E+0+%3D%3E+%7B+error+%7D%2C%0A++++%7B%7D%0A++%29%2C%0A%7D+%7C+order%28_createdAt+desc%29&returnQuery=false&perspective=raw&tag=sanity.studio.releases.listen:0
[ 2036028ms] [LOG] [Fast Refresh] rebuilding @ http://localhost:3000/_next/static/chunks/node_modules_next_dist_f3530cac._.js:2297
[ 2036216ms] [ERROR] Failed to load resource: net::ERR_INTERNET_DISCONNECTED @ https://v453srdz.api.sanity.io/v2025-02-19/data/query/production?query=*%5B_type%3D%3D%22system.release%22+%26%26+_id+in+path%28%22_.releases.*%22%29%5D+%7B%0A++_id%2C%0A++_type%2C%0A++_rev%2C%0A++_createdAt%2C%0A++_updatedAt%2C%0A++state%2C%0A++finalDocumentStates%2C%0A++publishAt%2C%0A++publishedAt%2C%0A++%22metadata%22%3A+coalesce%28metadata%2C+%7B%0A++++%22title%22%3A+%22%22%2C%0A++++%22releaseType%22%3A+%22undecided%22%2C%0A++%7D%29%2C%0A++%2F%2F+Content+Lake+initially+encoded+non-error+states+as+%7Berror%3A+%7Bmessage%3A+%22%22%7D%7D.+This+projection%0A++%2F%2F+ensures+the+error+field+only+appears+if+the+document+has+a+non-empty+error+message.%0A++...select%28%0A++++length%28error.message%29+%3E+0+%3D%3E+%7B+error+%7D%2C%0A++++%7B%7D%0A++%29%2C%0A%7D+%7C+order%28_createdAt+desc%29&returnQuery=false&perspective=raw&tag=sanity.studio.releases.listen:0
[ 2036652ms] [ERROR] Failed to load resource: net::ERR_INTERNET_DISCONNECTED @ https://v453srdz.api.sanity.io/v2025-02-19/data/listen/production?tag=sanity.studio.releases.listen&query=*%5B_type%3D%3D%22system.release%22+%26%26+_id+in+path%28%22_.releases.*%22%29%5D+%7B%0A++_id%2C%0A++_type%2C%0A++_rev%2C%0A++_createdAt%2C%0A++_updatedAt%2C%0A++state%2C%0A++finalDocumentStates%2C%0A++publishAt%2C%0A++publishedAt%2C%0A++%22metadata%22%3A+coalesce%28metadata%2C+%7B%0A++++%22title%22%3A+%22%22%2C%0A++++%22releaseType%22%3A+%22undecided%22%2C%0A++%7D%29%2C%0A++%2F%2F+Content+Lake+initially+encoded+non-error+states+as+%7Berror%3A+%7Bmessage%3A+%22%22%7D%7D.+This+projection%0A++%2F%2F+ensures+the+error+field+only+appears+if+the+document+has+a+non-empty+error+message.%0A++...select%28%0A++++length%28error.message%29+%3E+0+%3D%3E+%7B+error+%7D%2C%0A++++%7B%7D%0A++%29%2C%0A%7D+%7C+order%28_createdAt+desc%29&includeAllVersions=true&visibility=query&lastEventId=w%23w%40PVpJXVn-b7a5XxZvMSwFWhP8wIE:0
[ 2036652ms] [ERROR] TypeError: Failed to fetch
    at push.FetchTransport.open (http://localhost:3000/_next/static/chunks/node_modules_80fc8afc._.js:499:9)
    at onTimeout (http://localhost:3000/_next/static/chunks/node_modules_80fc8afc._.js:923:45)
    at http://localhost:3000/_next/static/chunks/node_modules_80fc8afc._.js:840:21 @ http://localhost:3000/_next/static/chunks/node_modules_next_dist_f3530cac._.js:3127
[ 2036681ms] [ERROR] Failed to load resource: net::ERR_INTERNET_DISCONNECTED @ https://v453srdz.api.sanity.io/v2025-02-19/data/query/production?query=*%5B_type%3D%3D%22system.release%22+%26%26+_id+in+path%28%22_.releases.*%22%29%5D+%7B%0A++_id%2C%0A++_type%2C%0A++_rev%2C%0A++_createdAt%2C%0A++_updatedAt%2C%0A++state%2C%0A++finalDocumentStates%2C%0A++publishAt%2C%0A++publishedAt%2C%0A++%22metadata%22%3A+coalesce%28metadata%2C+%7B%0A++++%22title%22%3A+%22%22%2C%0A++++%22releaseType%22%3A+%22undecided%22%2C%0A++%7D%29%2C%0A++%2F%2F+Content+Lake+initially+encoded+non-error+states+as+%7Berror%3A+%7Bmessage%3A+%22%22%7D%7D.+This+projection%0A++%2F%2F+ensures+the+error+field+only+appears+if+the+document+has+a+non-empty+error+message.%0A++...select%28%0A++++length%28error.message%29+%3E+0+%3D%3E+%7B+error+%7D%2C%0A++++%7B%7D%0A++%29%2C%0A%7D+%7C+order%28_createdAt+desc%29&returnQuery=false&perspective=raw&tag=sanity.studio.releases.listen:0
[ 2037547ms] [ERROR] Failed to load resource: net::ERR_INTERNET_DISCONNECTED @ https://v453srdz.api.sanity.io/v2025-02-19/data/query/production?query=*%5B_type%3D%3D%22system.release%22+%26%26+_id+in+path%28%22_.releases.*%22%29%5D+%7B%0A++_id%2C%0A++_type%2C%0A++_rev%2C%0A++_createdAt%2C%0A++_updatedAt%2C%0A++state%2C%0A++finalDocumentStates%2C%0A++publishAt%2C%0A++publishedAt%2C%0A++%22metadata%22%3A+coalesce%28metadata%2C+%7B%0A++++%22title%22%3A+%22%22%2C%0A++++%22releaseType%22%3A+%22undecided%22%2C%0A++%7D%29%2C%0A++%2F%2F+Content+Lake+initially+encoded+non-error+states+as+%7Berror%3A+%7Bmessage%3A+%22%22%7D%7D.+This+projection%0A++%2F%2F+ensures+the+error+field+only+appears+if+the+document+has+a+non-empty+error+message.%0A++...select%28%0A++++length%28error.message%29+%3E+0+%3D%3E+%7B+error+%7D%2C%0A++++%7B%7D%0A++%29%2C%0A%7D+%7C+order%28_createdAt+desc%29&returnQuery=false&perspective=raw&tag=sanity.studio.releases.listen:0
[ 2037920ms] [LOG] [Fast Refresh] done in 1997ms @ http://localhost:3000/_next/static/chunks/node_modules_next_dist_f3530cac._.js:2297
[ 2038656ms] [ERROR] Failed to load resource: net::ERR_INTERNET_DISCONNECTED @ https://v453srdz.api.sanity.io/v2025-02-19/agent/o9l5QV2Cu/bundles/mine/listen:0
[ 2038659ms] [ERROR] Failed to load resource: net::ERR_INTERNET_DISCONNECTED @ https://v453srdz.api.sanity.io/v2025-02-19/data/listen/production?tag=sanity.studio.releases.listen&query=*%5B_type%3D%3D%22system.release%22+%26%26+_id+in+path%28%22_.releases.*%22%29%5D+%7B%0A++_id%2C%0A++_type%2C%0A++_rev%2C%0A++_createdAt%2C%0A++_updatedAt%2C%0A++state%2C%0A++finalDocumentStates%2C%0A++publishAt%2C%0A++publishedAt%2C%0A++%22metadata%22%3A+coalesce%28metadata%2C+%7B%0A++++%22title%22%3A+%22%22%2C%0A++++%22releaseType%22%3A+%22undecided%22%2C%0A++%7D%29%2C%0A++%2F%2F+Content+Lake+initially+encoded+non-error+states+as+%7Berror%3A+%7Bmessage%3A+%22%22%7D%7D.+This+projection%0A++%2F%2F+ensures+the+error+field+only+appears+if+the+document+has+a+non-empty+error+message.%0A++...select%28%0A++++length%28error.message%29+%3E+0+%3D%3E+%7B+error+%7D%2C%0A++++%7B%7D%0A++%29%2C%0A%7D+%7C+order%28_createdAt+desc%29&includeAllVersions=true&visibility=query&lastEventId=w%23w%40PVpJXVn-b7a5XxZvMSwFWhP8wIE:0
[ 2038659ms] [ERROR] TypeError: Failed to fetch
    at push.FetchTransport.open (http://localhost:3000/_next/static/chunks/node_modules_80fc8afc._.js:499:9)
    at onTimeout (http://localhost:3000/_next/static/chunks/node_modules_80fc8afc._.js:923:45)
    at http://localhost:3000/_next/static/chunks/node_modules_80fc8afc._.js:840:21 @ http://localhost:3000/_next/static/chunks/node_modules_next_dist_f3530cac._.js:3127
[ 2039228ms] [ERROR] Failed to load resource: net::ERR_INTERNET_DISCONNECTED @ https://v453srdz.api.sanity.io/v2025-02-19/data/query/production?query=*%5B_type%3D%3D%22system.release%22+%26%26+_id+in+path%28%22_.releases.*%22%29%5D+%7B%0A++_id%2C%0A++_type%2C%0A++_rev%2C%0A++_createdAt%2C%0A++_updatedAt%2C%0A++state%2C%0A++finalDocumentStates%2C%0A++publishAt%2C%0A++publishedAt%2C%0A++%22metadata%22%3A+coalesce%28metadata%2C+%7B%0A++++%22title%22%3A+%22%22%2C%0A++++%22releaseType%22%3A+%22undecided%22%2C%0A++%7D%29%2C%0A++%2F%2F+Content+Lake+initially+encoded+non-error+states+as+%7Berror%3A+%7Bmessage%3A+%22%22%7D%7D.+This+projection%0A++%2F%2F+ensures+the+error+field+only+appears+if+the+document+has+a+non-empty+error+message.%0A++...select%28%0A++++length%28error.message%29+%3E+0+%3D%3E+%7B+error+%7D%2C%0A++++%7B%7D%0A++%29%2C%0A%7D+%7C+order%28_createdAt+desc%29&returnQuery=false&perspective=raw&tag=sanity.studio.releases.listen:0
[ 2049495ms] [ERROR] Failed to load resource: net::ERR_INTERNET_DISCONNECTED @ https://v453srdz.api.sanity.io/v2025-02-19/agent/o9l5QV2Cu/bundles/mine/listen:0
[ 2052510ms] [ERROR] Failed to load resource: net::ERR_INTERNET_DISCONNECTED @ https://v453srdz.api.sanity.io/v2025-02-19/agent/o9l5QV2Cu/bundles/mine/listen:0
[ 2232075ms] [LOG] [Fast Refresh] rebuilding @ http://localhost:3000/_next/static/chunks/node_modules_next_dist_f3530cac._.js:2297
[ 2232427ms] [LOG] [Fast Refresh] done in 454ms @ http://localhost:3000/_next/static/chunks/node_modules_next_dist_f3530cac._.js:2297
[ 2235526ms] [LOG] [Fast Refresh] rebuilding @ http://localhost:3000/_next/static/chunks/node_modules_next_dist_f3530cac._.js:2297
[ 2235630ms] [LOG] [Fast Refresh] done in 205ms @ http://localhost:3000/_next/static/chunks/node_modules_next_dist_f3530cac._.js:2297
[ 2251532ms] [LOG] [Fast Refresh] rebuilding @ http://localhost:3000/_next/static/chunks/node_modules_next_dist_f3530cac._.js:2297
[ 2259696ms] [LOG] [Fast Refresh] done in 8264ms @ http://localhost:3000/_next/static/chunks/node_modules_next_dist_f3530cac._.js:2297
[ 2400052ms] [LOG] [Fast Refresh] rebuilding @ http://localhost:3000/_next/static/chunks/node_modules_next_dist_f3530cac._.js:2297
[ 2400102ms] [LOG] [Fast Refresh] done in 152ms @ http://localhost:3000/_next/static/chunks/node_modules_next_dist_f3530cac._.js:2297
[ 2549696ms] [LOG] [Fast Refresh] rebuilding @ http://localhost:3000/_next/static/chunks/node_modules_next_dist_f3530cac._.js:2297
[ 2550072ms] [LOG] [Fast Refresh] done in 477ms @ http://localhost:3000/_next/static/chunks/node_modules_next_dist_f3530cac._.js:2297
[ 2550270ms] [LOG] [Fast Refresh] rebuilding @ http://localhost:3000/_next/static/chunks/node_modules_next_dist_f3530cac._.js:2297
[ 2550589ms] [LOG] [Fast Refresh] done in 419ms @ http://localhost:3000/_next/static/chunks/node_modules_next_dist_f3530cac._.js:2297
[ 2551308ms] [LOG] [Fast Refresh] rebuilding @ http://localhost:3000/_next/static/chunks/node_modules_next_dist_f3530cac._.js:2297
[ 2551354ms] [LOG] [Fast Refresh] done in 148ms @ http://localhost:3000/_next/static/chunks/node_modules_next_dist_f3530cac._.js:2297
[ 2553528ms] [INFO] %cDownload the React DevTools for a better development experience: https://react.dev/link/react-devtools font-weight:bold @ http://localhost:3000/_next/static/chunks/node_modules_next_dist_f3530cac._.js:2297
[ 2553649ms] [LOG] [HMR] connected @ http://localhost:3000/_next/static/chunks/node_modules_next_dist_f3530cac._.js:2297
[ 2553771ms] [LOG] [Fast Refresh] rebuilding @ http://localhost:3000/_next/static/chunks/node_modules_next_dist_f3530cac._.js:2297
[ 2553866ms] [LOG] [Fast Refresh] done in 200ms @ http://localhost:3000/_next/static/chunks/node_modules_next_dist_f3530cac._.js:2297
[ 2555331ms] [LOG] [Fast Refresh] rebuilding @ http://localhost:3000/_next/static/chunks/node_modules_next_dist_f3530cac._.js:2297
[ 2555373ms] [LOG] [Fast Refresh] done in 141ms @ http://localhost:3000/_next/static/chunks/node_modules_next_dist_f3530cac._.js:2297
[ 2555954ms] [WARNING] WebSocket connection to 'wss://v453srdz.api.sanity.io/v2022-06-30/socket/production?tag=sanity.studio' failed: WebSocket is closed before the connection is established. @ http://localhost:3000/_next/static/chunks/node_modules_%40sanity_7892097c._.js:4470
[ 2556140ms] [WARNING] WebSocket connection to 'wss://v453srdz.api.sanity.io/v2022-06-30/socket/production?tag=sanity.studio' failed: WebSocket is closed before the connection is established. @ http://localhost:3000/_next/static/chunks/node_modules_%40sanity_7892097c._.js:4470
[ 2556147ms] [WARNING] WebSocket connection to 'wss://v453srdz.api.sanity.io/v2022-06-30/socket/production?tag=sanity.studio' failed: WebSocket is closed before the connection is established. @ http://localhost:3000/_next/static/chunks/node_modules_%40sanity_7892097c._.js:4470
[ 2580391ms] [LOG] [Fast Refresh] rebuilding @ http://localhost:3000/_next/static/chunks/node_modules_next_dist_f3530cac._.js:2297
[ 2580552ms] [LOG] [Fast Refresh] done in 171ms @ http://localhost:3000/_next/static/chunks/node_modules_next_dist_f3530cac._.js:2297
[ 2580883ms] [LOG] [Fast Refresh] rebuilding @ http://localhost:3000/_next/static/chunks/node_modules_next_dist_f3530cac._.js:2297
[ 2580957ms] [LOG] [Fast Refresh] done in 176ms @ http://localhost:3000/_next/static/chunks/node_modules_next_dist_f3530cac._.js:2297
[ 2676133ms] [LOG] [Fast Refresh] rebuilding @ http://localhost:3000/_next/static/chunks/node_modules_next_dist_f3530cac._.js:2297
[ 2676173ms] [LOG] [Fast Refresh] done in 84ms @ http://localhost:3000/_next/static/chunks/node_modules_next_dist_f3530cac._.js:2297
[ 2676532ms] [LOG] [Fast Refresh] rebuilding @ http://localhost:3000/_next/static/chunks/node_modules_next_dist_f3530cac._.js:2297
[ 2676574ms] [LOG] [Fast Refresh] done in 144ms @ http://localhost:3000/_next/static/chunks/node_modules_next_dist_f3530cac._.js:2297
[ 2700809ms] [LOG] [Fast Refresh] rebuilding @ http://localhost:3000/_next/static/chunks/node_modules_next_dist_f3530cac._.js:2297
[ 2700952ms] [LOG] [Fast Refresh] done in 244ms @ http://localhost:3000/_next/static/chunks/node_modules_next_dist_f3530cac._.js:2297
[ 2820695ms] [LOG] [Fast Refresh] rebuilding @ http://localhost:3000/_next/static/chunks/node_modules_next_dist_f3530cac._.js:2297
[ 2820804ms] [LOG] [Fast Refresh] done in 209ms @ http://localhost:3000/_next/static/chunks/node_modules_next_dist_f3530cac._.js:2297
[ 2821066ms] [LOG] [Fast Refresh] rebuilding @ http://localhost:3000/_next/static/chunks/node_modules_next_dist_f3530cac._.js:2297
[ 2821098ms] [LOG] [Fast Refresh] done in 134ms @ http://localhost:3000/_next/static/chunks/node_modules_next_dist_f3530cac._.js:2297
[ 2822236ms] [LOG] [Fast Refresh] rebuilding @ http://localhost:3000/_next/static/chunks/node_modules_next_dist_f3530cac._.js:2297
[ 2822243ms] [LOG] [Fast Refresh] done in 106ms @ http://localhost:3000/_next/static/chunks/node_modules_next_dist_f3530cac._.js:2297
[ 2854532ms] [LOG] [Fast Refresh] rebuilding @ http://localhost:3000/_next/static/chunks/node_modules_next_dist_f3530cac._.js:2297
[ 2854565ms] [LOG] [Fast Refresh] done in 82ms @ http://localhost:3000/_next/static/chunks/node_modules_next_dist_f3530cac._.js:2297
[ 2854766ms] [LOG] [Fast Refresh] rebuilding @ http://localhost:3000/_next/static/chunks/node_modules_next_dist_f3530cac._.js:2297
[ 2854858ms] [LOG] [Fast Refresh] done in 192ms @ http://localhost:3000/_next/static/chunks/node_modules_next_dist_f3530cac._.js:2297
[ 2896196ms] [LOG] [Fast Refresh] rebuilding @ http://localhost:3000/_next/static/chunks/node_modules_next_dist_f3530cac._.js:2297
[ 2898819ms] [LOG] [Fast Refresh] done in 1171ms @ http://localhost:3000/_next/static/chunks/node_modules_next_dist_f3530cac._.js:2297
[ 2922828ms] [LOG] [Fast Refresh] rebuilding @ http://localhost:3000/_next/static/chunks/node_modules_next_dist_f3530cac._.js:2297
[ 2923158ms] [LOG] [Fast Refresh] done in 397ms @ http://localhost:3000/_next/static/chunks/node_modules_next_dist_f3530cac._.js:2297
[ 2923349ms] [LOG] [Fast Refresh] rebuilding @ http://localhost:3000/_next/static/chunks/node_modules_next_dist_f3530cac._.js:2297
[ 2923445ms] [LOG] [Fast Refresh] done in 197ms @ http://localhost:3000/_next/static/chunks/node_modules_next_dist_f3530cac._.js:2297
[ 2972247ms] [LOG] [Fast Refresh] rebuilding @ http://localhost:3000/_next/static/chunks/node_modules_next_dist_f3530cac._.js:2297
[ 2972824ms] [LOG] [Fast Refresh] done in 654ms @ http://localhost:3000/_next/static/chunks/node_modules_next_dist_f3530cac._.js:2297
[ 2972980ms] [LOG] [Fast Refresh] rebuilding @ http://localhost:3000/_next/static/chunks/node_modules_next_dist_f3530cac._.js:2297
[ 2973011ms] [LOG] [Fast Refresh] done in 132ms @ http://localhost:3000/_next/static/chunks/node_modules_next_dist_f3530cac._.js:2297
[ 3000413ms] [LOG] [Fast Refresh] rebuilding @ http://localhost:3000/_next/static/chunks/node_modules_next_dist_f3530cac._.js:2297
[ 3000695ms] [LOG] [Fast Refresh] done in 354ms @ http://localhost:3000/_next/static/chunks/node_modules_next_dist_f3530cac._.js:2297
[ 3000818ms] [LOG] [Fast Refresh] rebuilding @ http://localhost:3000/_next/static/chunks/node_modules_next_dist_f3530cac._.js:2297
[ 3000919ms] [LOG] [Fast Refresh] done in 200ms @ http://localhost:3000/_next/static/chunks/node_modules_next_dist_f3530cac._.js:2297
[ 3039586ms] [LOG] [Fast Refresh] rebuilding @ http://localhost:3000/_next/static/chunks/node_modules_next_dist_f3530cac._.js:2297
[ 3039631ms] [LOG] [Fast Refresh] done in 128ms @ http://localhost:3000/_next/static/chunks/node_modules_next_dist_f3530cac._.js:2297
[ 3090486ms] [LOG] [Fast Refresh] rebuilding @ http://localhost:3000/_next/static/chunks/node_modules_next_dist_f3530cac._.js:2297
[ 3090595ms] [LOG] [Fast Refresh] done in 191ms @ http://localhost:3000/_next/static/chunks/node_modules_next_dist_f3530cac._.js:2297
[ 3123099ms] [LOG] [Fast Refresh] rebuilding @ http://localhost:3000/_next/static/chunks/node_modules_next_dist_f3530cac._.js:2297
[ 3123561ms] [LOG] [Fast Refresh] done in 565ms @ http://localhost:3000/_next/static/chunks/node_modules_next_dist_f3530cac._.js:2297
[ 3125129ms] [LOG] [Fast Refresh] rebuilding @ http://localhost:3000/_next/static/chunks/node_modules_next_dist_f3530cac._.js:2297
[ 3125129ms] [LOG] [Fast Refresh] done in 102ms @ http://localhost:3000/_next/static/chunks/node_modules_next_dist_f3530cac._.js:2297
[ 3178244ms] [LOG] [Fast Refresh] rebuilding @ http://localhost:3000/_next/static/chunks/node_modules_next_dist_f3530cac._.js:2297
[ 3178381ms] [LOG] [Fast Refresh] done in 227ms @ http://localhost:3000/_next/static/chunks/node_modules_next_dist_f3530cac._.js:2297
[ 3202961ms] [LOG] [Fast Refresh] rebuilding @ http://localhost:3000/_next/static/chunks/node_modules_next_dist_f3530cac._.js:2297
[ 3202983ms] [LOG] [Fast Refresh] done in 71ms @ http://localhost:3000/_next/static/chunks/node_modules_next_dist_f3530cac._.js:2297
[ 3271565ms] [LOG] [Fast Refresh] rebuilding @ http://localhost:3000/_next/static/chunks/node_modules_next_dist_f3530cac._.js:2297
[ 3271752ms] [LOG] [Fast Refresh] done in 290ms @ http://localhost:3000/_next/static/chunks/node_modules_next_dist_f3530cac._.js:2297
[ 3273182ms] [LOG] [Fast Refresh] rebuilding @ http://localhost:3000/_next/static/chunks/node_modules_next_dist_f3530cac._.js:2297
[ 3273221ms] [LOG] [Fast Refresh] done in 142ms @ http://localhost:3000/_next/static/chunks/node_modules_next_dist_f3530cac._.js:2297
[ 3811439ms] [LOG] [Fast Refresh] rebuilding @ http://localhost:3000/_next/static/chunks/node_modules_next_dist_f3530cac._.js:2297
[ 3811484ms] [LOG] [Fast Refresh] done in 147ms @ http://localhost:3000/_next/static/chunks/node_modules_next_dist_f3530cac._.js:2297
[ 3812122ms] [LOG] [Fast Refresh] rebuilding @ http://localhost:3000/_next/static/chunks/node_modules_next_dist_f3530cac._.js:2297
[ 3812124ms] [LOG] [Fast Refresh] done in 102ms @ http://localhost:3000/_next/static/chunks/node_modules_next_dist_f3530cac._.js:2297
[ 3813678ms] [LOG] [Fast Refresh] rebuilding @ http://localhost:3000/_next/static/chunks/node_modules_next_dist_f3530cac._.js:2297
[ 3813816ms] [LOG] [Fast Refresh] done in 239ms @ http://localhost:3000/_next/static/chunks/node_modules_next_dist_f3530cac._.js:2297
[ 3827837ms] [LOG] [Fast Refresh] rebuilding @ http://localhost:3000/_next/static/chunks/node_modules_next_dist_f3530cac._.js:2297
[ 3827841ms] [LOG] [Fast Refresh] done in 192ms @ http://localhost:3000/_next/static/chunks/node_modules_next_dist_f3530cac._.js:2297
[ 3833292ms] [LOG] [Fast Refresh] rebuilding @ http://localhost:3000/_next/static/chunks/node_modules_next_dist_f3530cac._.js:2297
[ 3838277ms] [LOG] [Fast Refresh] done in 5086ms @ http://localhost:3000/_next/static/chunks/node_modules_next_dist_f3530cac._.js:2297
[ 3875969ms] [LOG] [Fast Refresh] rebuilding @ http://localhost:3000/_next/static/chunks/node_modules_next_dist_f3530cac._.js:2297
[ 3876046ms] [LOG] [Fast Refresh] done in 180ms @ http://localhost:3000/_next/static/chunks/node_modules_next_dist_f3530cac._.js:2297
[ 3887572ms] [LOG] [Fast Refresh] rebuilding @ http://localhost:3000/_next/static/chunks/node_modules_next_dist_f3530cac._.js:2297
[ 3887830ms] [LOG] [Fast Refresh] done in 359ms @ http://localhost:3000/_next/static/chunks/node_modules_next_dist_f3530cac._.js:2297
[ 3895889ms] [LOG] [Fast Refresh] rebuilding @ http://localhost:3000/_next/static/chunks/node_modules_next_dist_f3530cac._.js:2297
[ 3897208ms] [LOG] [Fast Refresh] done in 1420ms @ http://localhost:3000/_next/static/chunks/node_modules_next_dist_f3530cac._.js:2297
[ 4987270ms] [ERROR] Failed to load resource: net::ERR_QUIC_PROTOCOL_ERROR @ https://v453srdz.api.sanity.io/v2025-02-19/agent/o9l5QV2Cu/bundles/mine/listen:0
[ 5593530ms] [LOG] [HMR] connected @ http://localhost:3000/_next/static/chunks/node_modules_next_dist_f3530cac._.js:2297
[ 6123632ms] [ERROR] Error: No activity within 45000 milliseconds. 1059 chars received. Reconnecting.
    at onTimeout (http://localhost:3000/_next/static/chunks/node_modules_80fc8afc._.js:870:30)
    at http://localhost:3000/_next/static/chunks/node_modules_80fc8afc._.js:879:25 @ http://localhost:3000/_next/static/chunks/node_modules_next_dist_f3530cac._.js:3127
[ 6123876ms] [ERROR] Failed to load resource: net::ERR_QUIC_PROTOCOL_ERROR.QUIC_PUBLIC_RESET @ https://v453srdz.api.sanity.io/v2025-02-19/data/listen/production?tag=sanity.studio.releases.listen&query=*%5B_type%3D%3D%22system.release%22+%26%26+_id+in+path%28%22_.releases.*%22%29%5D+%7B%0A++_id%2C%0A++_type%2C%0A++_rev%2C%0A++_createdAt%2C%0A++_updatedAt%2C%0A++state%2C%0A++finalDocumentStates%2C%0A++publishAt%2C%0A++publishedAt%2C%0A++%22metadata%22%3A+coalesce%28metadata%2C+%7B%0A++++%22title%22%3A+%22%22%2C%0A++++%22releaseType%22%3A+%22undecided%22%2C%0A++%7D%29%2C%0A++%2F%2F+Content+Lake+initially+encoded+non-error+states+as+%7Berror%3A+%7Bmessage%3A+%22%22%7D%7D.+This+projection%0A++%2F%2F+ensures+the+error+field+only+appears+if+the+document+has+a+non-empty+error+message.%0A++...select%28%0A++++length%28error.message%29+%3E+0+%3D%3E+%7B+error+%7D%2C%0A++++%7B%7D%0A++%29%2C%0A%7D+%7C+order%28_createdAt+desc%29&includeAllVersions=true&visibility=query:0
[ 6123879ms] [ERROR] TypeError: network error @ http://localhost:3000/_next/static/chunks/node_modules_next_dist_f3530cac._.js:3127
[ 6123880ms] [ERROR] Failed to load resource: net::ERR_QUIC_PROTOCOL_ERROR.QUIC_PUBLIC_RESET @ https://v453srdz.api.sanity.io/v2025-02-19/data/listen/production?tag=sanity.studio.listen-search-query&query=*%5B_type+%3D%3D+%24type%5D&%24type=%22diyProject%22&includeAllVersions=true&visibility=query:0
[ 6123880ms] [ERROR] TypeError: network error @ http://localhost:3000/_next/static/chunks/node_modules_next_dist_f3530cac._.js:3127
[ 6123880ms] [ERROR] Failed to load resource: net::ERR_QUIC_PROTOCOL_ERROR.QUIC_PUBLIC_RESET @ https://v453srdz.api.sanity.io/v2025-02-19/agent/o9l5QV2Cu/bundles/mine/listen:0
[ 6633404ms] [LOG] [Fast Refresh] rebuilding @ http://localhost:3000/_next/static/chunks/node_modules_next_dist_f3530cac._.js:2297
[ 6633693ms] [LOG] [Fast Refresh] done in 391ms @ http://localhost:3000/_next/static/chunks/node_modules_next_dist_f3530cac._.js:2297
[ 6634967ms] [LOG] [Fast Refresh] rebuilding @ http://localhost:3000/_next/static/chunks/node_modules_next_dist_f3530cac._.js:2297
[ 6635027ms] [LOG] [Fast Refresh] done in 160ms @ http://localhost:3000/_next/static/chunks/node_modules_next_dist_f3530cac._.js:2297
[ 6915970ms] [LOG] [Fast Refresh] rebuilding @ http://localhost:3000/_next/static/chunks/node_modules_next_dist_f3530cac._.js:2297
[ 6917230ms] [LOG] [Fast Refresh] done in 1078ms @ http://localhost:3000/_next/static/chunks/node_modules_next_dist_f3530cac._.js:2297
[ 7267842ms] [LOG] [Fast Refresh] rebuilding @ http://localhost:3000/_next/static/chunks/node_modules_next_dist_f3530cac._.js:2297
[ 7268271ms] [LOG] [Fast Refresh] done in 507ms @ http://localhost:3000/_next/static/chunks/node_modules_next_dist_f3530cac._.js:2297
[ 7620372ms] [LOG] [Fast Refresh] rebuilding @ http://localhost:3000/_next/static/chunks/node_modules_next_dist_f3530cac._.js:2297
[ 7622699ms] [LOG] [Fast Refresh] done in 2338ms @ http://localhost:3000/_next/static/chunks/node_modules_next_dist_f3530cac._.js:2297
[ 7623171ms] [WARNING] WebSocket connection to 'wss://v453srdz.api.sanity.io/v2022-06-30/socket/production?tag=sanity.studio' failed: WebSocket is closed before the connection is established. @ http://localhost:3000/_next/static/chunks/node_modules_%40sanity_7892097c._.js:4470
[ 7623243ms] [WARNING] Building schema for synchronization blocked UI for more than 100ms (343.5ms) @ http://localhost:3000/_next/static/chunks/node_modules_next_dist_f3530cac._.js:2297
[ 7638708ms] [LOG] [Fast Refresh] rebuilding @ http://localhost:3000/_next/static/chunks/node_modules_next_dist_f3530cac._.js:2297
[ 7638766ms] [LOG] [Fast Refresh] done in 160ms @ http://localhost:3000/_next/static/chunks/node_modules_next_dist_f3530cac._.js:2297
[ 7645832ms] [LOG] [Fast Refresh] rebuilding @ http://localhost:3000/_next/static/chunks/node_modules_next_dist_f3530cac._.js:2297
[ 7651097ms] [LOG] [Fast Refresh] done in 5068ms @ http://localhost:3000/_next/static/chunks/node_modules_next_dist_f3530cac._.js:2297
[ 7651574ms] [WARNING] WebSocket connection to 'wss://v453srdz.api.sanity.io/v2022-06-30/socket/production?tag=sanity.studio' failed: WebSocket is closed before the connection is established. @ http://localhost:3000/_next/static/chunks/node_modules_%40sanity_7892097c._.js:4470
[ 7658009ms] [LOG] [Fast Refresh] rebuilding @ http://localhost:3000/_next/static/chunks/node_modules_next_dist_f3530cac._.js:2297
[ 7658167ms] [LOG] [Fast Refresh] done in 260ms @ http://localhost:3000/_next/static/chunks/node_modules_next_dist_f3530cac._.js:2297
[ 7660773ms] [LOG] [Fast Refresh] rebuilding @ http://localhost:3000/_next/static/chunks/node_modules_next_dist_f3530cac._.js:2297
[ 7661304ms] [LOG] [Fast Refresh] done in 632ms @ http://localhost:3000/_next/static/chunks/node_modules_next_dist_f3530cac._.js:2297
[ 7665691ms] [LOG] [Fast Refresh] rebuilding @ http://localhost:3000/_next/static/chunks/node_modules_next_dist_f3530cac._.js:2297
[ 7665737ms] [LOG] [Fast Refresh] done in 147ms @ http://localhost:3000/_next/static/chunks/node_modules_next_dist_f3530cac._.js:2297
[ 7667023ms] [ERROR] TypeError: network error @ http://localhost:3000/_next/static/chunks/node_modules_next_dist_f3530cac._.js:3127
[ 7667040ms] [ERROR] TypeError: network error @ http://localhost:3000/_next/static/chunks/node_modules_next_dist_f3530cac._.js:3127
[ 7667044ms] [ERROR] TypeError: network error @ http://localhost:3000/_next/static/chunks/node_modules_next_dist_f3530cac._.js:3127
[ 7667044ms] [ERROR] TypeError: network error @ http://localhost:3000/_next/static/chunks/node_modules_next_dist_f3530cac._.js:3127
[ 7667044ms] [ERROR] TypeError: network error @ http://localhost:3000/_next/static/chunks/node_modules_next_dist_f3530cac._.js:3127
[ 7667358ms] [INFO] %cDownload the React DevTools for a better development experience: https://react.dev/link/react-devtools font-weight:bold @ http://localhost:3000/_next/static/chunks/node_modules_next_dist_f3530cac._.js:2297
[ 7667481ms] [LOG] [HMR] connected @ http://localhost:3000/_next/static/chunks/node_modules_next_dist_f3530cac._.js:2297
[ 7667620ms] [LOG] [Fast Refresh] rebuilding @ http://localhost:3000/_next/static/chunks/node_modules_next_dist_f3530cac._.js:2297
[ 7668062ms] [LOG] [Fast Refresh] done in 542ms @ http://localhost:3000/_next/static/chunks/node_modules_next_dist_f3530cac._.js:2297
[ 7669632ms] [WARNING] WebSocket connection to 'wss://v453srdz.api.sanity.io/v2022-06-30/socket/production?tag=sanity.studio' failed: WebSocket is closed before the connection is established. @ http://localhost:3000/_next/static/chunks/node_modules_%40sanity_7892097c._.js:4470
[ 7673238ms] [LOG] [Fast Refresh] rebuilding @ http://localhost:3000/_next/static/chunks/node_modules_next_dist_f3530cac._.js:2297
[ 7678801ms] [LOG] [Fast Refresh] done in 5692ms @ http://localhost:3000/_next/static/chunks/node_modules_next_dist_f3530cac._.js:2297
[ 7679606ms] [LOG] [Fast Refresh] rebuilding @ http://localhost:3000/_next/static/chunks/node_modules_next_dist_f3530cac._.js:2297
[ 7679869ms] [LOG] [Fast Refresh] done in 365ms @ http://localhost:3000/_next/static/chunks/node_modules_next_dist_f3530cac._.js:2297
[ 7681571ms] [LOG] [Fast Refresh] rebuilding @ http://localhost:3000/_next/static/chunks/node_modules_next_dist_f3530cac._.js:2297
[ 7683204ms] [LOG] [Fast Refresh] done in 1729ms @ http://localhost:3000/_next/static/chunks/node_modules_next_dist_f3530cac._.js:2297
[ 7683608ms] [LOG] [Fast Refresh] rebuilding @ http://localhost:3000/_next/static/chunks/node_modules_next_dist_f3530cac._.js:2297
[ 7683811ms] [LOG] [Fast Refresh] done in 305ms @ http://localhost:3000/_next/static/chunks/node_modules_next_dist_f3530cac._.js:2297
[ 7684148ms] [LOG] [Fast Refresh] rebuilding @ http://localhost:3000/_next/static/chunks/node_modules_next_dist_f3530cac._.js:2297
[ 7684169ms] [LOG] [Fast Refresh] done in 121ms @ http://localhost:3000/_next/static/chunks/node_modules_next_dist_f3530cac._.js:2297
[ 7686082ms] [LOG] [Fast Refresh] rebuilding @ http://localhost:3000/_next/static/chunks/node_modules_next_dist_f3530cac._.js:2297
[ 7686488ms] [LOG] [Fast Refresh] done in 375ms @ http://localhost:3000/_next/static/chunks/node_modules_next_dist_f3530cac._.js:2297
[ 7687957ms] [LOG] [Fast Refresh] rebuilding @ http://localhost:3000/_next/static/chunks/node_modules_next_dist_f3530cac._.js:2297
[ 7687982ms] [LOG] [Fast Refresh] done in 126ms @ http://localhost:3000/_next/static/chunks/node_modules_next_dist_f3530cac._.js:2297
[ 7688104ms] [LOG] [Fast Refresh] rebuilding @ http://localhost:3000/_next/static/chunks/node_modules_next_dist_f3530cac._.js:2297
[ 7688126ms] [LOG] [Fast Refresh] done in 124ms @ http://localhost:3000/_next/static/chunks/node_modules_next_dist_f3530cac._.js:2297
[ 7698979ms] [LOG] [Fast Refresh] rebuilding @ http://localhost:3000/_next/static/chunks/node_modules_next_dist_f3530cac._.js:2297
[ 7699839ms] [LOG] [Fast Refresh] done in 966ms @ http://localhost:3000/_next/static/chunks/node_modules_next_dist_f3530cac._.js:2297
[ 7700450ms] [LOG] [Fast Refresh] rebuilding @ http://localhost:3000/_next/static/chunks/node_modules_next_dist_f3530cac._.js:2297
[ 7701238ms] [LOG] [Fast Refresh] done in 890ms @ http://localhost:3000/_next/static/chunks/node_modules_next_dist_f3530cac._.js:2297
[ 7703051ms] [LOG] [Fast Refresh] rebuilding @ http://localhost:3000/_next/static/chunks/node_modules_next_dist_f3530cac._.js:2297
[ 7703108ms] [LOG] [Fast Refresh] done in 159ms @ http://localhost:3000/_next/static/chunks/node_modules_next_dist_f3530cac._.js:2297
[ 7704153ms] [LOG] [Fast Refresh] rebuilding @ http://localhost:3000/_next/static/chunks/node_modules_next_dist_f3530cac._.js:2297
[ 7704316ms] [LOG] [Fast Refresh] done in 264ms @ http://localhost:3000/_next/static/chunks/node_modules_next_dist_f3530cac._.js:2297
[ 7704466ms] [LOG] [Fast Refresh] rebuilding @ http://localhost:3000/_next/static/chunks/node_modules_next_dist_f3530cac._.js:2297
[ 7704913ms] [LOG] [Fast Refresh] done in 547ms @ http://localhost:3000/_next/static/chunks/node_modules_next_dist_f3530cac._.js:2297
[ 7705191ms] [LOG] [Fast Refresh] rebuilding @ http://localhost:3000/_next/static/chunks/node_modules_next_dist_f3530cac._.js:2297
[ 7705586ms] [LOG] [Fast Refresh] done in 495ms @ http://localhost:3000/_next/static/chunks/node_modules_next_dist_f3530cac._.js:2297
[ 7706140ms] [LOG] [Fast Refresh] rebuilding @ http://localhost:3000/_next/static/chunks/node_modules_next_dist_f3530cac._.js:2297
[ 7706155ms] [LOG] [Fast Refresh] done in 116ms @ http://localhost:3000/_next/static/chunks/node_modules_next_dist_f3530cac._.js:2297
[ 7709112ms] [LOG] [Fast Refresh] rebuilding @ http://localhost:3000/_next/static/chunks/node_modules_next_dist_f3530cac._.js:2297
[ 7709198ms] [LOG] [Fast Refresh] done in 107ms @ http://localhost:3000/_next/static/chunks/node_modules_next_dist_f3530cac._.js:2297
[ 7713665ms] [LOG] [Fast Refresh] rebuilding @ http://localhost:3000/_next/static/chunks/node_modules_next_dist_f3530cac._.js:2297
[ 7713762ms] [LOG] [Fast Refresh] done in 156ms @ http://localhost:3000/_next/static/chunks/node_modules_next_dist_f3530cac._.js:2297
[ 7714214ms] [LOG] [Fast Refresh] rebuilding @ http://localhost:3000/_next/static/chunks/node_modules_next_dist_f3530cac._.js:2297
[ 7714225ms] [LOG] [Fast Refresh] done in 111ms @ http://localhost:3000/_next/static/chunks/node_modules_next_dist_f3530cac._.js:2297
[ 7718540ms] [LOG] [Fast Refresh] rebuilding @ http://localhost:3000/_next/static/chunks/node_modules_next_dist_f3530cac._.js:2297
[ 7718592ms] [LOG] [Fast Refresh] done in 71ms @ http://localhost:3000/_next/static/chunks/node_modules_next_dist_f3530cac._.js:2297
[ 7719082ms] [LOG] [Fast Refresh] rebuilding @ http://localhost:3000/_next/static/chunks/node_modules_next_dist_f3530cac._.js:2297
[ 7719132ms] [LOG] [Fast Refresh] done in 150ms @ http://localhost:3000/_next/static/chunks/node_modules_next_dist_f3530cac._.js:2297
[ 7723526ms] [LOG] [Fast Refresh] rebuilding @ http://localhost:3000/_next/static/chunks/node_modules_next_dist_f3530cac._.js:2297
[ 7723619ms] [LOG] [Fast Refresh] done in 65ms @ http://localhost:3000/_next/static/chunks/node_modules_next_dist_f3530cac._.js:2297
[ 7725162ms] [LOG] [Fast Refresh] rebuilding @ http://localhost:3000/_next/static/chunks/node_modules_next_dist_f3530cac._.js:2297
[ 7725300ms] [LOG] [Fast Refresh] done in 239ms @ http://localhost:3000/_next/static/chunks/node_modules_next_dist_f3530cac._.js:2297
[ 7784157ms] [LOG] [Fast Refresh] rebuilding @ http://localhost:3000/_next/static/chunks/node_modules_next_dist_f3530cac._.js:2297
[ 7784290ms] [LOG] [Fast Refresh] done in 271ms @ http://localhost:3000/_next/static/chunks/node_modules_next_dist_f3530cac._.js:2297
[ 7888127ms] [LOG] [Fast Refresh] rebuilding @ http://localhost:3000/_next/static/chunks/node_modules_next_dist_f3530cac._.js:2297
[ 7888625ms] [LOG] [Fast Refresh] done in 598ms @ http://localhost:3000/_next/static/chunks/node_modules_next_dist_f3530cac._.js:2297
[ 7890631ms] [LOG] [Fast Refresh] rebuilding @ http://localhost:3000/_next/static/chunks/node_modules_next_dist_f3530cac._.js:2297
[ 7891032ms] [LOG] [Fast Refresh] done in 504ms @ http://localhost:3000/_next/static/chunks/node_modules_next_dist_f3530cac._.js:2297
[ 7891183ms] [LOG] [Fast Refresh] rebuilding @ http://localhost:3000/_next/static/chunks/node_modules_next_dist_f3530cac._.js:2297
[ 7891765ms] [LOG] [Fast Refresh] done in 682ms @ http://localhost:3000/_next/static/chunks/node_modules_next_dist_f3530cac._.js:2297
[ 7892295ms] [LOG] [Fast Refresh] rebuilding @ http://localhost:3000/_next/static/chunks/node_modules_next_dist_f3530cac._.js:2297
[ 7892299ms] [LOG] [Fast Refresh] done in 105ms @ http://localhost:3000/_next/static/chunks/node_modules_next_dist_f3530cac._.js:2297
[ 7895553ms] [LOG] [Fast Refresh] rebuilding @ http://localhost:3000/_next/static/chunks/node_modules_next_dist_f3530cac._.js:2297
[ 7895651ms] [LOG] [Fast Refresh] done in 167ms @ http://localhost:3000/_next/static/chunks/node_modules_next_dist_f3530cac._.js:2297
[ 7968898ms] [LOG] [Fast Refresh] rebuilding @ http://localhost:3000/_next/static/chunks/node_modules_next_dist_f3530cac._.js:2297
[ 7968968ms] [LOG] [Fast Refresh] done in 326ms @ http://localhost:3000/_next/static/chunks/node_modules_next_dist_f3530cac._.js:2297
[ 8000259ms] [LOG] [Fast Refresh] rebuilding @ http://localhost:3000/_next/static/chunks/node_modules_next_dist_f3530cac._.js:2297
[ 8000359ms] [LOG] [Fast Refresh] done in 206ms @ http://localhost:3000/_next/static/chunks/node_modules_next_dist_f3530cac._.js:2297
[ 8074194ms] [LOG] [Fast Refresh] rebuilding @ http://localhost:3000/_next/static/chunks/node_modules_next_dist_f3530cac._.js:2297
[ 8075966ms] [LOG] [Fast Refresh] done in 1740ms @ http://localhost:3000/_next/static/chunks/node_modules_next_dist_f3530cac._.js:2297
[ 8076540ms] [WARNING] WebSocket connection to 'wss://v453srdz.api.sanity.io/v2022-06-30/socket/production?tag=sanity.studio' failed: WebSocket is closed before the connection is established. @ http://localhost:3000/_next/static/chunks/node_modules_%40sanity_7892097c._.js:4470
[ 8076586ms] [WARNING] Building schema for synchronization blocked UI for more than 100ms (386.7999999523163ms) @ http://localhost:3000/_next/static/chunks/node_modules_next_dist_f3530cac._.js:2297
[ 8076594ms] [WARNING] WebSocket connection to 'wss://v453srdz.api.sanity.io/v2022-06-30/socket/production?tag=sanity.studio' failed: WebSocket is closed before the connection is established. @ http://localhost:3000/_next/static/chunks/node_modules_%40sanity_7892097c._.js:4470
[ 8131452ms] [LOG] [Fast Refresh] rebuilding @ http://localhost:3000/_next/static/chunks/node_modules_next_dist_f3530cac._.js:2297
[ 8131554ms] [LOG] [Fast Refresh] done in 204ms @ http://localhost:3000/_next/static/chunks/node_modules_next_dist_f3530cac._.js:2297
[ 8157032ms] [LOG] [Fast Refresh] rebuilding @ http://localhost:3000/_next/static/chunks/node_modules_next_dist_f3530cac._.js:2297
[ 8157250ms] [LOG] [Fast Refresh] done in 179ms @ http://localhost:3000/_next/static/chunks/node_modules_next_dist_f3530cac._.js:2297
[ 8157920ms] [LOG] [Fast Refresh] rebuilding @ http://localhost:3000/_next/static/chunks/node_modules_next_dist_f3530cac._.js:2297
[ 8158357ms] [LOG] [Fast Refresh] done in 538ms @ http://localhost:3000/_next/static/chunks/node_modules_next_dist_f3530cac._.js:2297
[ 8161228ms] [LOG] [Fast Refresh] rebuilding @ http://localhost:3000/_next/static/chunks/node_modules_next_dist_f3530cac._.js:2297
[ 8161407ms] [LOG] [Fast Refresh] done in 282ms @ http://localhost:3000/_next/static/chunks/node_modules_next_dist_f3530cac._.js:2297
[ 8271010ms] [LOG] [Fast Refresh] rebuilding @ http://localhost:3000/_next/static/chunks/node_modules_next_dist_f3530cac._.js:2297
[ 8274317ms] [ERROR] ./components/projects/ProjectCard.tsx:58:7
Parsing ecmascript source code failed
  56 |         )}
  57 |       </div>
> 58 |     </div>
     |       ^^^
  59 |   );
  60 | }
  61 |

Expected corresponding JSX closing tag for <Link>

Import traces:
  Client Component Browser:
    ./components/projects/ProjectCard.tsx [Client Component Browser]
    ./components/sections/FeaturedProjects.tsx [Client Component Browser]
    ./components/sections/FeaturedProjects.tsx [Server Component]
    ./app/[locale]/page.tsx [Server Component]

  Client Component SSR:
    ./components/projects/ProjectCard.tsx [Client Component SSR]
    ./components/sections/FeaturedProjects.tsx [Client Component SSR]
    ./components/sections/FeaturedProjects.tsx [Server Component]
    ./app/[locale]/page.tsx [Server Component] @ http://localhost:3000/_next/static/chunks/node_modules_next_dist_f3530cac._.js:3127
[ 8275067ms] [LOG] [Fast Refresh] rebuilding @ http://localhost:3000/_next/static/chunks/node_modules_next_dist_f3530cac._.js:2297
[ 8276103ms] [LOG] [Fast Refresh] done in 1161ms @ http://localhost:3000/_next/static/chunks/node_modules_next_dist_f3530cac._.js:2297
[ 8277676ms] [LOG] [Fast Refresh] rebuilding @ http://localhost:3000/_next/static/chunks/node_modules_next_dist_f3530cac._.js:2297
[ 8277698ms] [LOG] [Fast Refresh] done in 123ms @ http://localhost:3000/_next/static/chunks/node_modules_next_dist_f3530cac._.js:2297
[ 8284603ms] [LOG] [Fast Refresh] rebuilding @ http://localhost:3000/_next/static/chunks/node_modules_next_dist_f3530cac._.js:2297
[ 8284700ms] [LOG] [Fast Refresh] done in 199ms @ http://localhost:3000/_next/static/chunks/node_modules_next_dist_f3530cac._.js:2297
[ 8295884ms] [LOG] [Fast Refresh] rebuilding @ http://localhost:3000/_next/static/chunks/node_modules_next_dist_f3530cac._.js:2297
[ 8295892ms] [LOG] [Fast Refresh] done in 109ms @ http://localhost:3000/_next/static/chunks/node_modules_next_dist_f3530cac._.js:2297
[ 8308844ms] [LOG] [Fast Refresh] rebuilding @ http://localhost:3000/_next/static/chunks/node_modules_next_dist_f3530cac._.js:2297
[ 8308890ms] [LOG] [Fast Refresh] done in 147ms @ http://localhost:3000/_next/static/chunks/node_modules_next_dist_f3530cac._.js:2297
[ 8416607ms] [LOG] [Fast Refresh] rebuilding @ http://localhost:3000/_next/static/chunks/node_modules_next_dist_f3530cac._.js:2297
[ 8417035ms] [LOG] [Fast Refresh] done in 529ms @ http://localhost:3000/_next/static/chunks/node_modules_next_dist_f3530cac._.js:2297
[ 8431503ms] [LOG] [Fast Refresh] rebuilding @ http://localhost:3000/_next/static/chunks/node_modules_next_dist_f3530cac._.js:2297
[ 8434506ms] [LOG] [Fast Refresh] done in 1995ms @ http://localhost:3000/_next/static/chunks/node_modules_next_dist_f3530cac._.js:2297
[ 8434811ms] [LOG] [Fast Refresh] rebuilding @ http://localhost:3000/_next/static/chunks/node_modules_next_dist_f3530cac._.js:2297
[ 8434904ms] [LOG] [Fast Refresh] done in 195ms @ http://localhost:3000/_next/static/chunks/node_modules_next_dist_f3530cac._.js:2297
[ 8435723ms] [LOG] [Fast Refresh] rebuilding @ http://localhost:3000/_next/static/chunks/node_modules_next_dist_f3530cac._.js:2297
[ 8435772ms] [LOG] [Fast Refresh] done in 151ms @ http://localhost:3000/_next/static/chunks/node_modules_next_dist_f3530cac._.js:2297
[ 8437414ms] [LOG] [Fast Refresh] rebuilding @ http://localhost:3000/_next/static/chunks/node_modules_next_dist_f3530cac._.js:2297
[ 8437431ms] [LOG] [Fast Refresh] done in 120ms @ http://localhost:3000/_next/static/chunks/node_modules_next_dist_f3530cac._.js:2297
[ 8437698ms] [LOG] [Fast Refresh] rebuilding @ http://localhost:3000/_next/static/chunks/node_modules_next_dist_f3530cac._.js:2297
[ 8438262ms] [LOG] [Fast Refresh] done in 666ms @ http://localhost:3000/_next/static/chunks/node_modules_next_dist_f3530cac._.js:2297
[ 8592859ms] [LOG] [Fast Refresh] rebuilding @ http://localhost:3000/_next/static/chunks/node_modules_next_dist_f3530cac._.js:2297
[ 8593446ms] [LOG] [Fast Refresh] done in 685ms @ http://localhost:3000/_next/static/chunks/node_modules_next_dist_f3530cac._.js:2297
[ 8593724ms] [LOG] [Fast Refresh] rebuilding @ http://localhost:3000/_next/static/chunks/node_modules_next_dist_f3530cac._.js:2297
[ 8594580ms] [LOG] [Fast Refresh] done in 962ms @ http://localhost:3000/_next/static/chunks/node_modules_next_dist_f3530cac._.js:2297
[ 8596633ms] [LOG] [Fast Refresh] rebuilding @ http://localhost:3000/_next/static/chunks/node_modules_next_dist_f3530cac._.js:2297
[ 8596637ms] [LOG] [Fast Refresh] done in 107ms @ http://localhost:3000/_next/static/chunks/node_modules_next_dist_f3530cac._.js:2297
[ 8621646ms] [LOG] [HMR] connected @ http://localhost:3000/_next/static/chunks/node_modules_next_dist_f3530cac._.js:2297
[ 8621877ms] [LOG] [Fast Refresh] rebuilding @ http://localhost:3000/_next/static/chunks/node_modules_next_dist_f3530cac._.js:2297
[ 8622013ms] [LOG] [Fast Refresh] done in 243ms @ http://localhost:3000/_next/static/chunks/node_modules_next_dist_f3530cac._.js:2297
[ 8632404ms] [ERROR] Failed to load resource: net::ERR_QUIC_PROTOCOL_ERROR.QUIC_PACKET_WRITE_ERROR @ https://v453srdz.api.sanity.io/v2025-02-19/data/listen/production?tag=sanity.studio.listen-search-query&query=*%5B_type+%3D%3D+%24type%5D&%24type=%22diyProject%22&includeAllVersions=true&visibility=query:0
[ 8632736ms] [ERROR] TypeError: network error @ http://localhost:3000/_next/static/chunks/node_modules_next_dist_f3530cac._.js:3127
[ 8632935ms] [ERROR] Failed to load resource: net::ERR_QUIC_PROTOCOL_ERROR.QUIC_PACKET_WRITE_ERROR @ https://v453srdz.api.sanity.io/v2025-02-19/agent/o9l5QV2Cu/bundles/mine/listen:0
[ 8632935ms] [ERROR] Failed to load resource: net::ERR_QUIC_PROTOCOL_ERROR.QUIC_PACKET_WRITE_ERROR @ https://v453srdz.api.sanity.io/v2025-02-19/data/listen/production?tag=sanity.studio.releases.listen&query=*%5B_type%3D%3D%22system.release%22+%26%26+_id+in+path%28%22_.releases.*%22%29%5D+%7B%0A++_id%2C%0A++_type%2C%0A++_rev%2C%0A++_createdAt%2C%0A++_updatedAt%2C%0A++state%2C%0A++finalDocumentStates%2C%0A++publishAt%2C%0A++publishedAt%2C%0A++%22metadata%22%3A+coalesce%28metadata%2C+%7B%0A++++%22title%22%3A+%22%22%2C%0A++++%22releaseType%22%3A+%22undecided%22%2C%0A++%7D%29%2C%0A++%2F%2F+Content+Lake+initially+encoded+non-error+states+as+%7Berror%3A+%7Bmessage%3A+%22%22%7D%7D.+This+projection%0A++%2F%2F+ensures+the+error+field+only+appears+if+the+document+has+a+non-empty+error+message.%0A++...select%28%0A++++length%28error.message%29+%3E+0+%3D%3E+%7B+error+%7D%2C%0A++++%7B%7D%0A++%29%2C%0A%7D+%7C+order%28_createdAt+desc%29&includeAllVersions=true&visibility=query:0
[ 8632954ms] [ERROR] TypeError: network error @ http://localhost:3000/_next/static/chunks/node_modules_next_dist_f3530cac._.js:3127
[ 8632978ms] [ERROR] Failed to load resource: net::ERR_QUIC_PROTOCOL_ERROR.QUIC_PACKET_WRITE_ERROR @ https://v453srdz.api.sanity.io/v2025-02-19/data/listen/production?tag=sanity.studio.releases.listen&query=*%5B_type%3D%3D%22system.release%22+%26%26+_id+in+path%28%22_.releases.*%22%29%5D+%7B%0A++_id%2C%0A++_type%2C%0A++_rev%2C%0A++_createdAt%2C%0A++_updatedAt%2C%0A++state%2C%0A++finalDocumentStates%2C%0A++publishAt%2C%0A++publishedAt%2C%0A++%22metadata%22%3A+coalesce%28metadata%2C+%7B%0A++++%22title%22%3A+%22%22%2C%0A++++%22releaseType%22%3A+%22undecided%22%2C%0A++%7D%29%2C%0A++%2F%2F+Content+Lake+initially+encoded+non-error+states+as+%7Berror%3A+%7Bmessage%3A+%22%22%7D%7D.+This+projection%0A++%2F%2F+ensures+the+error+field+only+appears+if+the+document+has+a+non-empty+error+message.%0A++...select%28%0A++++length%28error.message%29+%3E+0+%3D%3E+%7B+error+%7D%2C%0A++++%7B%7D%0A++%29%2C%0A%7D+%7C+order%28_createdAt+desc%29&includeAllVersions=true&visibility=query:0
[ 8632983ms] [ERROR] TypeError: network error @ http://localhost:3000/_next/static/chunks/node_modules_next_dist_f3530cac._.js:3127
[ 8636289ms] [ERROR] Failed to load resource: net::ERR_INTERNET_DISCONNECTED @ https://v453srdz.api.sanity.io/v2025-02-19/data/query/production?query=*%5B_type%3D%3D%22system.release%22+%26%26+_id+in+path%28%22_.releases.*%22%29%5D+%7B%0A++_id%2C%0A++_type%2C%0A++_rev%2C%0A++_createdAt%2C%0A++_updatedAt%2C%0A++state%2C%0A++finalDocumentStates%2C%0A++publishAt%2C%0A++publishedAt%2C%0A++%22metadata%22%3A+coalesce%28metadata%2C+%7B%0A++++%22title%22%3A+%22%22%2C%0A++++%22releaseType%22%3A+%22undecided%22%2C%0A++%7D%29%2C%0A++%2F%2F+Content+Lake+initially+encoded+non-error+states+as+%7Berror%3A+%7Bmessage%3A+%22%22%7D%7D.+This+projection%0A++%2F%2F+ensures+the+error+field+only+appears+if+the+document+has+a+non-empty+error+message.%0A++...select%28%0A++++length%28error.message%29+%3E+0+%3D%3E+%7B+error+%7D%2C%0A++++%7B%7D%0A++%29%2C%0A%7D+%7C+order%28_createdAt+desc%29&returnQuery=false&perspective=raw&tag=sanity.studio.releases.listen:0
[ 8636289ms] [ERROR] Failed to load resource: net::ERR_INTERNET_DISCONNECTED @ https://v453srdz.api.sanity.io/v2025-02-19/data/query/production?query=*%5B_type%3D%3D%22system.release%22+%26%26+_id+in+path%28%22_.releases.*%22%29%5D+%7B%0A++_id%2C%0A++_type%2C%0A++_rev%2C%0A++_createdAt%2C%0A++_updatedAt%2C%0A++state%2C%0A++finalDocumentStates%2C%0A++publishAt%2C%0A++publishedAt%2C%0A++%22metadata%22%3A+coalesce%28metadata%2C+%7B%0A++++%22title%22%3A+%22%22%2C%0A++++%22releaseType%22%3A+%22undecided%22%2C%0A++%7D%29%2C%0A++%2F%2F+Content+Lake+initially+encoded+non-error+states+as+%7Berror%3A+%7Bmessage%3A+%22%22%7D%7D.+This+projection%0A++%2F%2F+ensures+the+error+field+only+appears+if+the+document+has+a+non-empty+error+message.%0A++...select%28%0A++++length%28error.message%29+%3E+0+%3D%3E+%7B+error+%7D%2C%0A++++%7B%7D%0A++%29%2C%0A%7D+%7C+order%28_createdAt+desc%29&returnQuery=false&perspective=raw&tag=sanity.studio.releases.listen:0
[ 8636334ms] [ERROR] Failed to load resource: net::ERR_INTERNET_DISCONNECTED @ https://v453srdz.api.sanity.io/v2025-02-19/data/listen/production?tag=sanity.studio.releases.listen&query=*%5B_type%3D%3D%22system.release%22+%26%26+_id+in+path%28%22_.releases.*%22%29%5D+%7B%0A++_id%2C%0A++_type%2C%0A++_rev%2C%0A++_createdAt%2C%0A++_updatedAt%2C%0A++state%2C%0A++finalDocumentStates%2C%0A++publishAt%2C%0A++publishedAt%2C%0A++%22metadata%22%3A+coalesce%28metadata%2C+%7B%0A++++%22title%22%3A+%22%22%2C%0A++++%22releaseType%22%3A+%22undecided%22%2C%0A++%7D%29%2C%0A++%2F%2F+Content+Lake+initially+encoded+non-error+states+as+%7Berror%3A+%7Bmessage%3A+%22%22%7D%7D.+This+projection%0A++%2F%2F+ensures+the+error+field+only+appears+if+the+document+has+a+non-empty+error+message.%0A++...select%28%0A++++length%28error.message%29+%3E+0+%3D%3E+%7B+error+%7D%2C%0A++++%7B%7D%0A++%29%2C%0A%7D+%7C+order%28_createdAt+desc%29&includeAllVersions=true&visibility=query&lastEventId=w%23w%40PVpxTln-b7a5XxZvMSwFWvO3kCE:0
[ 8636341ms] [ERROR] TypeError: Failed to fetch
    at push.FetchTransport.open (http://localhost:3000/_next/static/chunks/node_modules_80fc8afc._.js:499:9)
    at onTimeout (http://localhost:3000/_next/static/chunks/node_modules_80fc8afc._.js:923:45)
    at http://localhost:3000/_next/static/chunks/node_modules_80fc8afc._.js:840:21 @ http://localhost:3000/_next/static/chunks/node_modules_next_dist_f3530cac._.js:3127
[ 8636368ms] [ERROR] Failed to load resource: net::ERR_INTERNET_DISCONNECTED @ https://v453srdz.api.sanity.io/v2025-02-19/data/listen/production?tag=sanity.studio.releases.listen&query=*%5B_type%3D%3D%22system.release%22+%26%26+_id+in+path%28%22_.releases.*%22%29%5D+%7B%0A++_id%2C%0A++_type%2C%0A++_rev%2C%0A++_createdAt%2C%0A++_updatedAt%2C%0A++state%2C%0A++finalDocumentStates%2C%0A++publishAt%2C%0A++publishedAt%2C%0A++%22metadata%22%3A+coalesce%28metadata%2C+%7B%0A++++%22title%22%3A+%22%22%2C%0A++++%22releaseType%22%3A+%22undecided%22%2C%0A++%7D%29%2C%0A++%2F%2F+Content+Lake+initially+encoded+non-error+states+as+%7Berror%3A+%7Bmessage%3A+%22%22%7D%7D.+This+projection%0A++%2F%2F+ensures+the+error+field+only+appears+if+the+document+has+a+non-empty+error+message.%0A++...select%28%0A++++length%28error.message%29+%3E+0+%3D%3E+%7B+error+%7D%2C%0A++++%7B%7D%0A++%29%2C%0A%7D+%7C+order%28_createdAt+desc%29&includeAllVersions=true&visibility=query&lastEventId=w%23w%40PVprSVn-b7a5XxZvMSwFWmGcF_I:0
[ 8636368ms] [ERROR] TypeError: Failed to fetch
    at push.FetchTransport.open (http://localhost:3000/_next/static/chunks/node_modules_80fc8afc._.js:499:9)
    at onTimeout (http://localhost:3000/_next/static/chunks/node_modules_80fc8afc._.js:923:45)
    at http://localhost:3000/_next/static/chunks/node_modules_80fc8afc._.js:840:21 @ http://localhost:3000/_next/static/chunks/node_modules_next_dist_f3530cac._.js:3127
[ 8636368ms] [ERROR] Failed to load resource: net::ERR_INTERNET_DISCONNECTED @ https://v453srdz.api.sanity.io/v2025-02-19/data/listen/production?tag=sanity.studio.listen-search-query&query=*%5B_type+%3D%3D+%24type%5D&%24type=%22diyProject%22&includeAllVersions=true&visibility=query&lastEventId=w%23w%40PVpxTln-b7a5XxZvMSwFWvO3kCE:0
[ 8636369ms] [ERROR] TypeError: Failed to fetch
    at push.FetchTransport.open (http://localhost:3000/_next/static/chunks/node_modules_80fc8afc._.js:499:9)
    at onTimeout (http://localhost:3000/_next/static/chunks/node_modules_80fc8afc._.js:923:45)
    at http://localhost:3000/_next/static/chunks/node_modules_80fc8afc._.js:840:21 @ http://localhost:3000/_next/static/chunks/node_modules_next_dist_f3530cac._.js:3127
[ 8636389ms] [ERROR] Failed to load resource: net::ERR_INTERNET_DISCONNECTED @ https://v453srdz.api.sanity.io/v2025-02-19/agent/o9l5QV2Cu/bundles/mine/listen:0
[ 8636497ms] [ERROR] Failed to load resource: net::ERR_INTERNET_DISCONNECTED @ https://v453srdz.api.sanity.io/v2025-02-19/data/query/production?query=*%5B_type%3D%3D%22system.release%22+%26%26+_id+in+path%28%22_.releases.*%22%29%5D+%7B%0A++_id%2C%0A++_type%2C%0A++_rev%2C%0A++_createdAt%2C%0A++_updatedAt%2C%0A++state%2C%0A++finalDocumentStates%2C%0A++publishAt%2C%0A++publishedAt%2C%0A++%22metadata%22%3A+coalesce%28metadata%2C+%7B%0A++++%22title%22%3A+%22%22%2C%0A++++%22releaseType%22%3A+%22undecided%22%2C%0A++%7D%29%2C%0A++%2F%2F+Content+Lake+initially+encoded+non-error+states+as+%7Berror%3A+%7Bmessage%3A+%22%22%7D%7D.+This+projection%0A++%2F%2F+ensures+the+error+field+only+appears+if+the+document+has+a+non-empty+error+message.%0A++...select%28%0A++++length%28error.message%29+%3E+0+%3D%3E+%7B+error+%7D%2C%0A++++%7B%7D%0A++%29%2C%0A%7D+%7C+order%28_createdAt+desc%29&returnQuery=false&perspective=raw&tag=sanity.studio.releases.listen:0
[ 8636501ms] [ERROR] Failed to load resource: net::ERR_INTERNET_DISCONNECTED @ https://v453srdz.api.sanity.io/v2025-02-19/data/query/production?query=*%5B_type%3D%3D%22system.release%22+%26%26+_id+in+path%28%22_.releases.*%22%29%5D+%7B%0A++_id%2C%0A++_type%2C%0A++_rev%2C%0A++_createdAt%2C%0A++_updatedAt%2C%0A++state%2C%0A++finalDocumentStates%2C%0A++publishAt%2C%0A++publishedAt%2C%0A++%22metadata%22%3A+coalesce%28metadata%2C+%7B%0A++++%22title%22%3A+%22%22%2C%0A++++%22releaseType%22%3A+%22undecided%22%2C%0A++%7D%29%2C%0A++%2F%2F+Content+Lake+initially+encoded+non-error+states+as+%7Berror%3A+%7Bmessage%3A+%22%22%7D%7D.+This+projection%0A++%2F%2F+ensures+the+error+field+only+appears+if+the+document+has+a+non-empty+error+message.%0A++...select%28%0A++++length%28error.message%29+%3E+0+%3D%3E+%7B+error+%7D%2C%0A++++%7B%7D%0A++%29%2C%0A%7D+%7C+order%28_createdAt+desc%29&returnQuery=false&perspective=raw&tag=sanity.studio.releases.listen:0
[ 8636780ms] [ERROR] Failed to load resource: net::ERR_INTERNET_DISCONNECTED @ https://v453srdz.api.sanity.io/v2025-02-19/data/query/production?query=*%5B_type%3D%3D%22system.release%22+%26%26+_id+in+path%28%22_.releases.*%22%29%5D+%7B%0A++_id%2C%0A++_type%2C%0A++_rev%2C%0A++_createdAt%2C%0A++_updatedAt%2C%0A++state%2C%0A++finalDocumentStates%2C%0A++publishAt%2C%0A++publishedAt%2C%0A++%22metadata%22%3A+coalesce%28metadata%2C+%7B%0A++++%22title%22%3A+%22%22%2C%0A++++%22releaseType%22%3A+%22undecided%22%2C%0A++%7D%29%2C%0A++%2F%2F+Content+Lake+initially+encoded+non-error+states+as+%7Berror%3A+%7Bmessage%3A+%22%22%7D%7D.+This+projection%0A++%2F%2F+ensures+the+error+field+only+appears+if+the+document+has+a+non-empty+error+message.%0A++...select%28%0A++++length%28error.message%29+%3E+0+%3D%3E+%7B+error+%7D%2C%0A++++%7B%7D%0A++%29%2C%0A%7D+%7C+order%28_createdAt+desc%29&returnQuery=false&perspective=raw&tag=sanity.studio.releases.listen:0
[ 8636789ms] [ERROR] Failed to load resource: net::ERR_INTERNET_DISCONNECTED @ https://v453srdz.api.sanity.io/v2025-02-19/data/query/production?query=*%5B_type%3D%3D%22system.release%22+%26%26+_id+in+path%28%22_.releases.*%22%29%5D+%7B%0A++_id%2C%0A++_type%2C%0A++_rev%2C%0A++_createdAt%2C%0A++_updatedAt%2C%0A++state%2C%0A++finalDocumentStates%2C%0A++publishAt%2C%0A++publishedAt%2C%0A++%22metadata%22%3A+coalesce%28metadata%2C+%7B%0A++++%22title%22%3A+%22%22%2C%0A++++%22releaseType%22%3A+%22undecided%22%2C%0A++%7D%29%2C%0A++%2F%2F+Content+Lake+initially+encoded+non-error+states+as+%7Berror%3A+%7Bmessage%3A+%22%22%7D%7D.+This+projection%0A++%2F%2F+ensures+the+error+field+only+appears+if+the+document+has+a+non-empty+error+message.%0A++...select%28%0A++++length%28error.message%29+%3E+0+%3D%3E+%7B+error+%7D%2C%0A++++%7B%7D%0A++%29%2C%0A%7D+%7C+order%28_createdAt+desc%29&returnQuery=false&perspective=raw&tag=sanity.studio.releases.listen:0
[ 8789901ms] [LOG] [Fast Refresh] rebuilding @ http://localhost:3000/_next/static/chunks/node_modules_next_dist_f3530cac._.js:2297
[ 8790428ms] [LOG] [Fast Refresh] done in 630ms @ http://localhost:3000/_next/static/chunks/node_modules_next_dist_f3530cac._.js:2297
[ 8791632ms] [LOG] [Fast Refresh] rebuilding @ http://localhost:3000/_next/static/chunks/node_modules_next_dist_f3530cac._.js:2297
[ 8792191ms] [LOG] [Fast Refresh] done in 660ms @ http://localhost:3000/_next/static/chunks/node_modules_next_dist_f3530cac._.js:2297
[ 8792722ms] [LOG] [Fast Refresh] rebuilding @ http://localhost:3000/_next/static/chunks/node_modules_next_dist_f3530cac._.js:2297
[ 8792754ms] [LOG] [Fast Refresh] done in 132ms @ http://localhost:3000/_next/static/chunks/node_modules_next_dist_f3530cac._.js:2297
[ 8793484ms] [LOG] [Fast Refresh] rebuilding @ http://localhost:3000/_next/static/chunks/node_modules_next_dist_f3530cac._.js:2297
[ 8793912ms] [LOG] [Fast Refresh] done in 529ms @ http://localhost:3000/_next/static/chunks/node_modules_next_dist_f3530cac._.js:2297
[ 8796422ms] [LOG] [Fast Refresh] rebuilding @ http://localhost:3000/_next/static/chunks/node_modules_next_dist_f3530cac._.js:2297
[ 8796457ms] [LOG] [Fast Refresh] done in 136ms @ http://localhost:3000/_next/static/chunks/node_modules_next_dist_f3530cac._.js:2297
[ 8796754ms] [LOG] [Fast Refresh] rebuilding @ http://localhost:3000/_next/static/chunks/node_modules_next_dist_f3530cac._.js:2297
[ 8796773ms] [LOG] [Fast Refresh] done in 120ms @ http://localhost:3000/_next/static/chunks/node_modules_next_dist_f3530cac._.js:2297
[ 8821384ms] [LOG] [Fast Refresh] rebuilding @ http://localhost:3000/_next/static/chunks/node_modules_next_dist_f3530cac._.js:2297
[ 8821462ms] [LOG] [Fast Refresh] done in 179ms @ http://localhost:3000/_next/static/chunks/node_modules_next_dist_f3530cac._.js:2297
[ 8969318ms] [LOG] [Fast Refresh] rebuilding @ http://localhost:3000/_next/static/chunks/node_modules_next_dist_f3530cac._.js:2297
[ 8969567ms] [LOG] [Fast Refresh] done in 348ms @ http://localhost:3000/_next/static/chunks/node_modules_next_dist_f3530cac._.js:2297
[ 8969708ms] [LOG] [Fast Refresh] rebuilding @ http://localhost:3000/_next/static/chunks/node_modules_next_dist_f3530cac._.js:2297
[ 8969805ms] [LOG] [Fast Refresh] done in 199ms @ http://localhost:3000/_next/static/chunks/node_modules_next_dist_f3530cac._.js:2297
[ 8970280ms] [LOG] [Fast Refresh] rebuilding @ http://localhost:3000/_next/static/chunks/node_modules_next_dist_f3530cac._.js:2297
[ 8970315ms] [LOG] [Fast Refresh] done in 137ms @ http://localhost:3000/_next/static/chunks/node_modules_next_dist_f3530cac._.js:2297
[ 8971836ms] [LOG] [Fast Refresh] rebuilding @ http://localhost:3000/_next/static/chunks/node_modules_next_dist_f3530cac._.js:2297
[ 8971901ms] [LOG] [Fast Refresh] done in 167ms @ http://localhost:3000/_next/static/chunks/node_modules_next_dist_f3530cac._.js:2297
[ 8972999ms] [LOG] [Fast Refresh] rebuilding @ http://localhost:3000/_next/static/chunks/node_modules_next_dist_f3530cac._.js:2297
[ 8973003ms] [LOG] [Fast Refresh] done in 105ms @ http://localhost:3000/_next/static/chunks/node_modules_next_dist_f3530cac._.js:2297
[ 9096332ms] [LOG] [Fast Refresh] rebuilding @ http://localhost:3000/_next/static/chunks/node_modules_next_dist_f3530cac._.js:2297
[ 9096418ms] [LOG] [Fast Refresh] done in 188ms @ http://localhost:3000/_next/static/chunks/node_modules_next_dist_f3530cac._.js:2297
[ 9235997ms] [LOG] [Fast Refresh] rebuilding @ http://localhost:3000/_next/static/chunks/node_modules_next_dist_f3530cac._.js:2297
[ 9241676ms] [LOG] [Fast Refresh] done in 5779ms @ http://localhost:3000/_next/static/chunks/node_modules_next_dist_f3530cac._.js:2297
[ 9242511ms] [LOG] [Fast Refresh] rebuilding @ http://localhost:3000/_next/static/chunks/node_modules_next_dist_f3530cac._.js:2297
[ 9244682ms] [LOG] [Fast Refresh] done in 2272ms @ http://localhost:3000/_next/static/chunks/node_modules_next_dist_f3530cac._.js:2297
[ 9245512ms] [LOG] [Fast Refresh] rebuilding @ http://localhost:3000/_next/static/chunks/node_modules_next_dist_f3530cac._.js:2297
[ 9245632ms] [LOG] [Fast Refresh] done in 221ms @ http://localhost:3000/_next/static/chunks/node_modules_next_dist_f3530cac._.js:2297
[ 9251075ms] [LOG] [Fast Refresh] rebuilding @ http://localhost:3000/_next/static/chunks/node_modules_next_dist_f3530cac._.js:2297
[ 9253296ms] [LOG] [Fast Refresh] done in 2313ms @ http://localhost:3000/_next/static/chunks/node_modules_next_dist_f3530cac._.js:2297
[ 9256343ms] [LOG] [Fast Refresh] rebuilding @ http://localhost:3000/_next/static/chunks/node_modules_next_dist_f3530cac._.js:2297
[ 9257725ms] [LOG] [Fast Refresh] done in 1479ms @ http://localhost:3000/_next/static/chunks/node_modules_next_dist_f3530cac._.js:2297
[ 9260525ms] [LOG] [Fast Refresh] rebuilding @ http://localhost:3000/_next/static/chunks/node_modules_next_dist_f3530cac._.js:2297
[ 9261127ms] [LOG] [Fast Refresh] done in 632ms @ http://localhost:3000/_next/static/chunks/node_modules_next_dist_f3530cac._.js:2297
[ 9261259ms] [LOG] [Fast Refresh] rebuilding @ http://localhost:3000/_next/static/chunks/node_modules_next_dist_f3530cac._.js:2297
[ 9268860ms] [LOG] [Fast Refresh] done in 7721ms @ http://localhost:3000/_next/static/chunks/node_modules_next_dist_f3530cac._.js:2297
[ 9270467ms] [LOG] [Fast Refresh] rebuilding @ http://localhost:3000/_next/static/chunks/node_modules_next_dist_f3530cac._.js:2297
[ 9270871ms] [LOG] [Fast Refresh] done in 505ms @ http://localhost:3000/_next/static/chunks/node_modules_next_dist_f3530cac._.js:2297
[ 9271726ms] [LOG] [Fast Refresh] rebuilding @ http://localhost:3000/_next/static/chunks/node_modules_next_dist_f3530cac._.js:2297
[ 9271743ms] [LOG] [Fast Refresh] done in 119ms @ http://localhost:3000/_next/static/chunks/node_modules_next_dist_f3530cac._.js:2297
[ 9271944ms] [LOG] [Fast Refresh] rebuilding @ http://localhost:3000/_next/static/chunks/node_modules_next_dist_f3530cac._.js:2297
[ 9271996ms] [LOG] [Fast Refresh] done in 153ms @ http://localhost:3000/_next/static/chunks/node_modules_next_dist_f3530cac._.js:2297
[ 9272295ms] [LOG] [Fast Refresh] rebuilding @ http://localhost:3000/_next/static/chunks/node_modules_next_dist_f3530cac._.js:2297
[ 9272297ms] [LOG] [Fast Refresh] done in 106ms @ http://localhost:3000/_next/static/chunks/node_modules_next_dist_f3530cac._.js:2297
[ 9272543ms] [LOG] [Fast Refresh] rebuilding @ http://localhost:3000/_next/static/chunks/node_modules_next_dist_f3530cac._.js:2297
[ 9272639ms] [LOG] [Fast Refresh] done in 197ms @ http://localhost:3000/_next/static/chunks/node_modules_next_dist_f3530cac._.js:2297
[ 9272835ms] [LOG] [Fast Refresh] rebuilding @ http://localhost:3000/_next/static/chunks/node_modules_next_dist_f3530cac._.js:2297
[ 9272864ms] [LOG] [Fast Refresh] done in 129ms @ http://localhost:3000/_next/static/chunks/node_modules_next_dist_f3530cac._.js:2297
[ 9273398ms] [LOG] [Fast Refresh] rebuilding @ http://localhost:3000/_next/static/chunks/node_modules_next_dist_f3530cac._.js:2297
[ 9273457ms] [LOG] [Fast Refresh] done in 162ms @ http://localhost:3000/_next/static/chunks/node_modules_next_dist_f3530cac._.js:2297
[ 9273681ms] [LOG] [Fast Refresh] rebuilding @ http://localhost:3000/_next/static/chunks/node_modules_next_dist_f3530cac._.js:2297
[ 9273743ms] [LOG] [Fast Refresh] done in 163ms @ http://localhost:3000/_next/static/chunks/node_modules_next_dist_f3530cac._.js:2297
[ 9273927ms] [LOG] [Fast Refresh] rebuilding @ http://localhost:3000/_next/static/chunks/node_modules_next_dist_f3530cac._.js:2297
[ 9273957ms] [LOG] [Fast Refresh] done in 132ms @ http://localhost:3000/_next/static/chunks/node_modules_next_dist_f3530cac._.js:2297
[ 9274096ms] [LOG] [Fast Refresh] rebuilding @ http://localhost:3000/_next/static/chunks/node_modules_next_dist_f3530cac._.js:2297
[ 9274181ms] [LOG] [Fast Refresh] done in 185ms @ http://localhost:3000/_next/static/chunks/node_modules_next_dist_f3530cac._.js:2297
[ 9274369ms] [LOG] [Fast Refresh] rebuilding @ http://localhost:3000/_next/static/chunks/node_modules_next_dist_f3530cac._.js:2297
[ 9274579ms] [LOG] [Fast Refresh] done in 312ms @ http://localhost:3000/_next/static/chunks/node_modules_next_dist_f3530cac._.js:2297
[ 9274999ms] [LOG] [Fast Refresh] rebuilding @ http://localhost:3000/_next/static/chunks/node_modules_next_dist_f3530cac._.js:2297
[ 9275138ms] [LOG] [Fast Refresh] done in 241ms @ http://localhost:3000/_next/static/chunks/node_modules_next_dist_f3530cac._.js:2297
[ 9275449ms] [LOG] [Fast Refresh] rebuilding @ http://localhost:3000/_next/static/chunks/node_modules_next_dist_f3530cac._.js:2297
[ 9275459ms] [LOG] [Fast Refresh] done in 113ms @ http://localhost:3000/_next/static/chunks/node_modules_next_dist_f3530cac._.js:2297
[ 9275629ms] [LOG] [Fast Refresh] rebuilding @ http://localhost:3000/_next/static/chunks/node_modules_next_dist_f3530cac._.js:2297
[ 9275895ms] [LOG] [Fast Refresh] done in 366ms @ http://localhost:3000/_next/static/chunks/node_modules_next_dist_f3530cac._.js:2297
[ 9405967ms] [ERROR] Failed to load resource: net::ERR_QUIC_PROTOCOL_ERROR @ https://v453srdz.api.sanity.io/v2025-02-19/agent/o9l5QV2Cu/bundles/mine/listen:0
[ 9575548ms] [LOG] [Fast Refresh] rebuilding @ http://localhost:3000/_next/static/chunks/node_modules_next_dist_f3530cac._.js:2297
[ 9576496ms] [LOG] [Fast Refresh] done in 1085ms @ http://localhost:3000/_next/static/chunks/node_modules_next_dist_f3530cac._.js:2297
[ 9641794ms] [LOG] [Fast Refresh] rebuilding @ http://localhost:3000/_next/static/chunks/node_modules_next_dist_f3530cac._.js:2297
[ 9642006ms] [LOG] [Fast Refresh] done in 314ms @ http://localhost:3000/_next/static/chunks/node_modules_next_dist_f3530cac._.js:2297
[ 9659448ms] [LOG] [Fast Refresh] rebuilding @ http://localhost:3000/_next/static/chunks/node_modules_next_dist_f3530cac._.js:2297
[ 9659458ms] [LOG] [Fast Refresh] done in 113ms @ http://localhost:3000/_next/static/chunks/node_modules_next_dist_f3530cac._.js:2297
[ 9684742ms] [LOG] [Fast Refresh] rebuilding @ http://localhost:3000/_next/static/chunks/node_modules_next_dist_f3530cac._.js:2297
[ 9684818ms] [LOG] [Fast Refresh] done in 178ms @ http://localhost:3000/_next/static/chunks/node_modules_next_dist_f3530cac._.js:2297
[ 9705561ms] [LOG] [Fast Refresh] rebuilding @ http://localhost:3000/_next/static/chunks/node_modules_next_dist_f3530cac._.js:2297
[ 9705608ms] [LOG] [Fast Refresh] done in 149ms @ http://localhost:3000/_next/static/chunks/node_modules_next_dist_f3530cac._.js:2297
[10099663ms] [LOG] [Fast Refresh] rebuilding @ http://localhost:3000/_next/static/chunks/node_modules_next_dist_f3530cac._.js:2297
[10101427ms] [LOG] [Fast Refresh] done in 1866ms @ http://localhost:3000/_next/static/chunks/node_modules_next_dist_f3530cac._.js:2297
[10103635ms] [LOG] [Fast Refresh] rebuilding @ http://localhost:3000/_next/static/chunks/node_modules_next_dist_f3530cac._.js:2297
[10103968ms] [LOG] [Fast Refresh] done in 434ms @ http://localhost:3000/_next/static/chunks/node_modules_next_dist_f3530cac._.js:2297
[10107053ms] [LOG] [Fast Refresh] rebuilding @ http://localhost:3000/_next/static/chunks/node_modules_next_dist_f3530cac._.js:2297
[10114787ms] [LOG] [Fast Refresh] done in 7835ms @ http://localhost:3000/_next/static/chunks/node_modules_next_dist_f3530cac._.js:2297
[10116167ms] [LOG] [Fast Refresh] rebuilding @ http://localhost:3000/_next/static/chunks/node_modules_next_dist_f3530cac._.js:2297
[10116233ms] [LOG] [Fast Refresh] done in 167ms @ http://localhost:3000/_next/static/chunks/node_modules_next_dist_f3530cac._.js:2297
[10137628ms] [LOG] [Fast Refresh] rebuilding @ http://localhost:3000/_next/static/chunks/node_modules_next_dist_f3530cac._.js:2297
[10138452ms] [LOG] [Fast Refresh] done in 942ms @ http://localhost:3000/_next/static/chunks/node_modules_next_dist_f3530cac._.js:2297
[10139621ms] [LOG] [Fast Refresh] rebuilding @ http://localhost:3000/_next/static/chunks/node_modules_next_dist_f3530cac._.js:2297
[10139672ms] [LOG] [Fast Refresh] done in 152ms @ http://localhost:3000/_next/static/chunks/node_modules_next_dist_f3530cac._.js:2297
[10143976ms] [LOG] [Fast Refresh] rebuilding @ http://localhost:3000/_next/static/chunks/node_modules_next_dist_f3530cac._.js:2297
[10144050ms] [LOG] [Fast Refresh] done in 176ms @ http://localhost:3000/_next/static/chunks/node_modules_next_dist_f3530cac._.js:2297
[10175072ms] [LOG] [Fast Refresh] rebuilding @ http://localhost:3000/_next/static/chunks/node_modules_next_dist_f3530cac._.js:2297
[10175086ms] [LOG] [Fast Refresh] done in 116ms @ http://localhost:3000/_next/static/chunks/node_modules_next_dist_f3530cac._.js:2297
[10236770ms] [LOG] [Fast Refresh] rebuilding @ http://localhost:3000/_next/static/chunks/node_modules_next_dist_f3530cac._.js:2297
[10237368ms] [LOG] [Fast Refresh] done in 700ms @ http://localhost:3000/_next/static/chunks/node_modules_next_dist_f3530cac._.js:2297
[10237981ms] [LOG] [Fast Refresh] rebuilding @ http://localhost:3000/_next/static/chunks/node_modules_next_dist_f3530cac._.js:2297
[10237991ms] [LOG] [Fast Refresh] done in 111ms @ http://localhost:3000/_next/static/chunks/node_modules_next_dist_f3530cac._.js:2297
[10239107ms] [LOG] [Fast Refresh] rebuilding @ http://localhost:3000/_next/static/chunks/node_modules_next_dist_f3530cac._.js:2297
[10239353ms] [LOG] [Fast Refresh] done in 348ms @ http://localhost:3000/_next/static/chunks/node_modules_next_dist_f3530cac._.js:2297
[10242336ms] [LOG] [Fast Refresh] rebuilding @ http://localhost:3000/_next/static/chunks/node_modules_next_dist_f3530cac._.js:2297
[10242485ms] [LOG] [Fast Refresh] done in 250ms @ http://localhost:3000/_next/static/chunks/node_modules_next_dist_f3530cac._.js:2297
[10300920ms] [LOG] [Fast Refresh] rebuilding @ http://localhost:3000/_next/static/chunks/node_modules_next_dist_f3530cac._.js:2297
[10300930ms] [LOG] [Fast Refresh] done in 112ms @ http://localhost:3000/_next/static/chunks/node_modules_next_dist_f3530cac._.js:2297
[10654996ms] [ERROR] WebSocket connection to 'wss://v453srdz.api.sanity.io/v2022-06-30/socket/production?tag=sanity.studio' failed:  @ http://localhost:3000/_next/static/chunks/node_modules_%40sanity_7892097c._.js:4487
[10655009ms] [ERROR] WebSocket connection to 'wss://v453srdz.api.sanity.io/v2022-06-30/socket/production?tag=sanity.studio' failed:  @ http://localhost:3000/_next/static/chunks/node_modules_%40sanity_7892097c._.js:4487
[10655009ms] [ERROR] WebSocket connection to 'ws://localhost:3000/_next/webpack-hmr?id=eD7V--tHTyBCfTWmV4pqn' failed:  @ http://localhost:3000/_next/static/chunks/node_modules_next_dist_client_17643121._.js:10878
[10655059ms] [ERROR] TypeError: network error @ http://localhost:3000/_next/static/chunks/node_modules_next_dist_f3530cac._.js:3127
[10655098ms] [ERROR] TypeError: network error @ http://localhost:3000/_next/static/chunks/node_modules_next_dist_f3530cac._.js:3127
[10655103ms] [ERROR] TypeError: network error @ http://localhost:3000/_next/static/chunks/node_modules_next_dist_f3530cac._.js:3127
[10656221ms] [ERROR] Failed to load resource: net::ERR_CONNECTION_REFUSED @ http://localhost:3000/__nextjs_original-stack-frames:0
[10656228ms] [ERROR] WebSocket connection to 'ws://localhost:3000/_next/webpack-hmr?id=eD7V--tHTyBCfTWmV4pqn' failed: Error in connection establishment: net::ERR_CONNECTION_REFUSED @ http://localhost:3000/_next/static/chunks/node_modules_next_dist_client_17643121._.js:10878
[10657229ms] [ERROR] WebSocket connection to 'ws://localhost:3000/_next/webpack-hmr?id=eD7V--tHTyBCfTWmV4pqn' failed: Error in connection establishment: net::ERR_CONNECTION_REFUSED @ http://localhost:3000/_next/static/chunks/node_modules_next_dist_client_17643121._.js:10878
[10659950ms] [LOG] [HMR] connected @ http://localhost:3000/_next/static/chunks/node_modules_next_dist_f3530cac._.js:2297
[10663553ms] [ERROR] TypeError: network error @ http://localhost:3000/_next/static/chunks/node_modules_next_dist_f3530cac._.js:3127
[10663578ms] [ERROR] TypeError: network error @ http://localhost:3000/_next/static/chunks/node_modules_next_dist_f3530cac._.js:3127
[10663578ms] [ERROR] TypeError: network error @ http://localhost:3000/_next/static/chunks/node_modules_next_dist_f3530cac._.js:3127
[10664033ms] [INFO] %cDownload the React DevTools for a better development experience: https://react.dev/link/react-devtools font-weight:bold @ http://localhost:3000/_next/static/chunks/node_modules_next_dist_f3530cac._.js:2297
[10664233ms] [LOG] [HMR] connected @ http://localhost:3000/_next/static/chunks/node_modules_next_dist_f3530cac._.js:2297
[10664440ms] [LOG] [Fast Refresh] rebuilding @ http://localhost:3000/_next/static/chunks/node_modules_next_dist_f3530cac._.js:2297
[10664752ms] [LOG] [Fast Refresh] done in 457ms @ http://localhost:3000/_next/static/chunks/node_modules_next_dist_f3530cac._.js:2297
[10664862ms] [LOG] [Fast Refresh] rebuilding @ http://localhost:3000/_next/static/chunks/node_modules_next_dist_f3530cac._.js:2297
[10664975ms] [LOG] [Fast Refresh] done in 213ms @ http://localhost:3000/_next/static/chunks/node_modules_next_dist_f3530cac._.js:2297
[10667098ms] [WARNING] WebSocket connection to 'wss://v453srdz.api.sanity.io/v2022-06-30/socket/production?tag=sanity.studio' failed: WebSocket is closed before the connection is established. @ http://localhost:3000/_next/static/chunks/node_modules_%40sanity_7892097c._.js:4470
[10928078ms] [LOG] [Fast Refresh] rebuilding @ http://localhost:3000/_next/static/chunks/node_modules_next_dist_f3530cac._.js:2297
[10928367ms] [LOG] [Fast Refresh] done in 403ms @ http://localhost:3000/_next/static/chunks/node_modules_next_dist_f3530cac._.js:2297
[11320602ms] [LOG] [Fast Refresh] rebuilding @ http://localhost:3000/_next/static/chunks/node_modules_next_dist_f3530cac._.js:2297
[11320822ms] [LOG] [Fast Refresh] done in 322ms @ http://localhost:3000/_next/static/chunks/node_modules_next_dist_f3530cac._.js:2297
[11320933ms] [LOG] [Fast Refresh] rebuilding @ http://localhost:3000/_next/static/chunks/node_modules_next_dist_f3530cac._.js:2297
[11321106ms] [LOG] [Fast Refresh] done in 275ms @ http://localhost:3000/_next/static/chunks/node_modules_next_dist_f3530cac._.js:2297
[11499255ms] [LOG] [Fast Refresh] rebuilding @ http://localhost:3000/_next/static/chunks/node_modules_next_dist_f3530cac._.js:2297
[11499383ms] [LOG] [Fast Refresh] done in 228ms @ http://localhost:3000/_next/static/chunks/node_modules_next_dist_f3530cac._.js:2297
[11531960ms] [LOG] [Fast Refresh] rebuilding @ http://localhost:3000/_next/static/chunks/node_modules_next_dist_f3530cac._.js:2297
[11531964ms] [LOG] [Fast Refresh] done in 106ms @ http://localhost:3000/_next/static/chunks/node_modules_next_dist_f3530cac._.js:2297
