[   21352ms] [LOG] [Fast Refresh] done in 26253ms @ http://localhost:3000/_next/static/chunks/node_modules_next_dist_b3fb3b5f._.js:1206
[   23194ms] [LOG] [Fast Refresh] rebuilding @ http://localhost:3000/_next/static/chunks/node_modules_next_dist_b3fb3b5f._.js:1206
[   24593ms] [LOG] [Fast Refresh] done in 1501ms @ http://localhost:3000/_next/static/chunks/node_modules_next_dist_b3fb3b5f._.js:1206
[   28071ms] [INFO] %cDownload the React DevTools for a better development experience: https://react.dev/link/react-devtools font-weight:bold @ http://localhost:3000/_next/static/chunks/node_modules_next_dist_f3530cac._.js:2297
[   28260ms] [LOG] [HMR] connected @ http://localhost:3000/_next/static/chunks/node_modules_next_dist_f3530cac._.js:2297
[   28424ms] [LOG] [Fast Refresh] rebuilding @ http://localhost:3000/_next/static/chunks/node_modules_next_dist_f3530cac._.js:2297
[   29452ms] [LOG] [Fast Refresh] done in 1128ms @ http://localhost:3000/_next/static/chunks/node_modules_next_dist_f3530cac._.js:2297
[   31604ms] [LOG] [Fast Refresh] rebuilding @ http://localhost:3000/_next/static/chunks/node_modules_next_dist_f3530cac._.js:2297
[   32549ms] [ERROR] Access to XMLHttpRequest at 'https://yezzstudio.api.sanity.io/v2026-05-04/users/me?tag=sanity.studio.users.get-current.initial' from origin 'http://localhost:3000' has been blocked by CORS policy: Response to preflight request doesn't pass access control check: No 'Access-Control-Allow-Origin' header is present on the requested resource. @ http://localhost:3000/studio:0
[   32555ms] [ERROR] Failed to load resource: net::ERR_FAILED @ https://yezzstudio.api.sanity.io/v2026-05-04/users/me?tag=sanity.studio.users.get-current.initial:0
[   32756ms] [ERROR] Access to XMLHttpRequest at 'https://yezzstudio.api.sanity.io/v2026-05-04/users/me?tag=sanity.studio.users.get-current.initial' from origin 'http://localhost:3000' has been blocked by CORS policy: Response to preflight request doesn't pass access control check: No 'Access-Control-Allow-Origin' header is present on the requested resource. @ http://localhost:3000/studio:0
[   32756ms] [ERROR] Failed to load resource: net::ERR_FAILED @ https://yezzstudio.api.sanity.io/v2026-05-04/users/me?tag=sanity.studio.users.get-current.initial:0
[   33006ms] [ERROR] Access to XMLHttpRequest at 'https://yezzstudio.api.sanity.io/v2026-05-04/users/me?tag=sanity.studio.users.get-current.initial' from origin 'http://localhost:3000' has been blocked by CORS policy: Response to preflight request doesn't pass access control check: No 'Access-Control-Allow-Origin' header is present on the requested resource. @ http://localhost:3000/studio:0
[   33006ms] [ERROR] Failed to load resource: net::ERR_FAILED @ https://yezzstudio.api.sanity.io/v2026-05-04/users/me?tag=sanity.studio.users.get-current.initial:0
[   33444ms] [ERROR] Access to XMLHttpRequest at 'https://yezzstudio.api.sanity.io/v2026-05-04/users/me?tag=sanity.studio.users.get-current.initial' from origin 'http://localhost:3000' has been blocked by CORS policy: Response to preflight request doesn't pass access control check: No 'Access-Control-Allow-Origin' header is present on the requested resource. @ http://localhost:3000/studio:0
[   33444ms] [ERROR] Failed to load resource: net::ERR_FAILED @ https://yezzstudio.api.sanity.io/v2026-05-04/users/me?tag=sanity.studio.users.get-current.initial:0
[   34227ms] [LOG] [Fast Refresh] done in 2730ms @ http://localhost:3000/_next/static/chunks/node_modules_next_dist_f3530cac._.js:2297
[   34486ms] [ERROR] Access to XMLHttpRequest at 'https://yezzstudio.api.sanity.io/v2026-05-04/users/me?tag=sanity.studio.users.get-current.initial' from origin 'http://localhost:3000' has been blocked by CORS policy: Response to preflight request doesn't pass access control check: No 'Access-Control-Allow-Origin' header is present on the requested resource. @ http://localhost:3000/studio:0
[   34486ms] [ERROR] Failed to load resource: net::ERR_FAILED @ https://yezzstudio.api.sanity.io/v2026-05-04/users/me?tag=sanity.studio.users.get-current.initial:0
[   36123ms] [ERROR] Access to XMLHttpRequest at 'https://yezzstudio.api.sanity.io/v2026-05-04/users/me?tag=sanity.studio.users.get-current.initial' from origin 'http://localhost:3000' has been blocked by CORS policy: Response to preflight request doesn't pass access control check: No 'Access-Control-Allow-Origin' header is present on the requested resource. @ http://localhost:3000/studio:0
[   36155ms] [ERROR] Failed to load resource: net::ERR_FAILED @ https://yezzstudio.api.sanity.io/v2026-05-04/users/me?tag=sanity.studio.users.get-current.initial:0
[   37309ms] [ERROR] Failed to load resource: the server responded with a status of 404 () @ https://yezzstudio.api.sanity.io/v2026-05-04/ping?tag=sanity.studio.cors-check:0
[   37560ms] [ERROR] %o

%s Error: Request error while attempting to reach is https://yezzstudio.api.sanity.io/v2026-05-04/users/me?tag=sanity.studio.users.get-current.initial
    at a.onerror (http://localhost:3000/_next/static/chunks/node_modules_1eeca8b5._.js:12908:14) The above error occurred in the <AuthBoundary> component. It was handled by the <ErrorBoundary> error boundary. @ http://localhost:3000/_next/static/chunks/node_modules_next_dist_client_17643121._.js:1342
[   38513ms] [LOG] [Fast Refresh] rebuilding @ http://localhost:3000/_next/static/chunks/node_modules_next_dist_f3530cac._.js:2297
[   39145ms] [LOG] [Fast Refresh] done in 733ms @ http://localhost:3000/_next/static/chunks/node_modules_next_dist_f3530cac._.js:2297
[   48411ms] [LOG] [Fast Refresh] rebuilding @ http://localhost:3000/_next/static/chunks/node_modules_next_dist_f3530cac._.js:2297
[   50380ms] [LOG] [Fast Refresh] done in 2118ms @ http://localhost:3000/_next/static/chunks/node_modules_next_dist_f3530cac._.js:2297
[   52504ms] [LOG] [Fast Refresh] rebuilding @ http://localhost:3000/_next/static/chunks/node_modules_next_dist_f3530cac._.js:2297
[   52684ms] [LOG] [Fast Refresh] done in 281ms @ http://localhost:3000/_next/static/chunks/node_modules_next_dist_f3530cac._.js:2297
[   85468ms] [LOG] [Fast Refresh] rebuilding @ http://localhost:3000/_next/static/chunks/node_modules_next_dist_f3530cac._.js:2297
[   86470ms] [LOG] [Fast Refresh] done in 1107ms @ http://localhost:3000/_next/static/chunks/node_modules_next_dist_f3530cac._.js:2297
[   89049ms] [LOG] [Fast Refresh] rebuilding @ http://localhost:3000/_next/static/chunks/node_modules_next_dist_f3530cac._.js:2297
[   92452ms] [LOG] [Fast Refresh] done in 3505ms @ http://localhost:3000/_next/static/chunks/node_modules_next_dist_f3530cac._.js:2297
[  198347ms] [INFO] %cDownload the React DevTools for a better development experience: https://react.dev/link/react-devtools font-weight:bold @ http://localhost:3000/_next/static/chunks/node_modules_next_dist_f3530cac._.js:2297
[  198437ms] [LOG] [HMR] connected @ http://localhost:3000/_next/static/chunks/node_modules_next_dist_f3530cac._.js:2297
[  198695ms] [LOG] [Fast Refresh] rebuilding @ http://localhost:3000/_next/static/chunks/node_modules_next_dist_f3530cac._.js:2297
[  200127ms] [LOG] [Fast Refresh] done in 1556ms @ http://localhost:3000/_next/static/chunks/node_modules_next_dist_f3530cac._.js:2297
[  200644ms] [LOG] [Fast Refresh] rebuilding @ http://localhost:3000/_next/static/chunks/node_modules_next_dist_f3530cac._.js:2297
[  200712ms] [LOG] [Fast Refresh] done in 169ms @ http://localhost:3000/_next/static/chunks/node_modules_next_dist_f3530cac._.js:2297
[  200774ms] [ERROR] Access to XMLHttpRequest at 'https://yezzstudio.api.sanity.io/v2026-05-04/users/me?tag=sanity.studio.users.get-current.initial' from origin 'http://localhost:3000' has been blocked by CORS policy: Response to preflight request doesn't pass access control check: No 'Access-Control-Allow-Origin' header is present on the requested resource. @ http://localhost:3000/studio:0
[  200775ms] [ERROR] Failed to load resource: net::ERR_FAILED @ https://yezzstudio.api.sanity.io/v2026-05-04/users/me?tag=sanity.studio.users.get-current.initial:0
[  200930ms] [ERROR] Access to XMLHttpRequest at 'https://yezzstudio.api.sanity.io/v2026-05-04/users/me?tag=sanity.studio.users.get-current.initial' from origin 'http://localhost:3000' has been blocked by CORS policy: Response to preflight request doesn't pass access control check: No 'Access-Control-Allow-Origin' header is present on the requested resource. @ http://localhost:3000/studio:0
[  200930ms] [ERROR] Failed to load resource: net::ERR_FAILED @ https://yezzstudio.api.sanity.io/v2026-05-04/users/me?tag=sanity.studio.users.get-current.initial:0
[  201294ms] [ERROR] Access to XMLHttpRequest at 'https://yezzstudio.api.sanity.io/v2026-05-04/users/me?tag=sanity.studio.users.get-current.initial' from origin 'http://localhost:3000' has been blocked by CORS policy: Response to preflight request doesn't pass access control check: No 'Access-Control-Allow-Origin' header is present on the requested resource. @ http://localhost:3000/studio:0
[  201295ms] [ERROR] Failed to load resource: net::ERR_FAILED @ https://yezzstudio.api.sanity.io/v2026-05-04/users/me?tag=sanity.studio.users.get-current.initial:0
[  201818ms] [ERROR] Access to XMLHttpRequest at 'https://yezzstudio.api.sanity.io/v2026-05-04/users/me?tag=sanity.studio.users.get-current.initial' from origin 'http://localhost:3000' has been blocked by CORS policy: Response to preflight request doesn't pass access control check: No 'Access-Control-Allow-Origin' header is present on the requested resource. @ http://localhost:3000/studio:0
[  201818ms] [ERROR] Failed to load resource: net::ERR_FAILED @ https://yezzstudio.api.sanity.io/v2026-05-04/users/me?tag=sanity.studio.users.get-current.initial:0
[  202723ms] [ERROR] Access to XMLHttpRequest at 'https://yezzstudio.api.sanity.io/v2026-05-04/users/me?tag=sanity.studio.users.get-current.initial' from origin 'http://localhost:3000' has been blocked by CORS policy: Response to preflight request doesn't pass access control check: No 'Access-Control-Allow-Origin' header is present on the requested resource. @ http://localhost:3000/studio:0
[  202723ms] [ERROR] Failed to load resource: net::ERR_FAILED @ https://yezzstudio.api.sanity.io/v2026-05-04/users/me?tag=sanity.studio.users.get-current.initial:0
[  204439ms] [ERROR] Access to XMLHttpRequest at 'https://yezzstudio.api.sanity.io/v2026-05-04/users/me?tag=sanity.studio.users.get-current.initial' from origin 'http://localhost:3000' has been blocked by CORS policy: Response to preflight request doesn't pass access control check: No 'Access-Control-Allow-Origin' header is present on the requested resource. @ http://localhost:3000/studio:0
[  204443ms] [ERROR] Failed to load resource: net::ERR_FAILED @ https://yezzstudio.api.sanity.io/v2026-05-04/users/me?tag=sanity.studio.users.get-current.initial:0
[  204820ms] [ERROR] Failed to load resource: the server responded with a status of 404 () @ https://yezzstudio.api.sanity.io/v2026-05-04/ping?tag=sanity.studio.cors-check:0
[  204845ms] [ERROR] %o

%s Error: Request error while attempting to reach is https://yezzstudio.api.sanity.io/v2026-05-04/users/me?tag=sanity.studio.users.get-current.initial
    at a.onerror (http://localhost:3000/_next/static/chunks/node_modules_1eeca8b5._.js:12908:14) The above error occurred in the <AuthBoundary> component. It was handled by the <ErrorBoundary> error boundary. @ http://localhost:3000/_next/static/chunks/node_modules_next_dist_client_17643121._.js:1342
[  388215ms] [LOG] [Fast Refresh] rebuilding @ http://localhost:3000/_next/static/chunks/node_modules_next_dist_f3530cac._.js:2297
[  389006ms] [LOG] [Fast Refresh] done in 730ms @ http://localhost:3000/_next/static/chunks/node_modules_next_dist_f3530cac._.js:2297
[  389108ms] [LOG] [Fast Refresh] rebuilding @ http://localhost:3000/_next/static/chunks/node_modules_next_dist_f3530cac._.js:2297
[  392810ms] [LOG] [Fast Refresh] done in 3212ms @ http://localhost:3000/_next/static/chunks/node_modules_next_dist_f3530cac._.js:2297
